{"/home/travis/build/npmtest/node-npmtest-uncss/test.js":{"path":"/home/travis/build/npmtest/node-npmtest-uncss/test.js","s":{"1":2,"2":2,"3":2,"4":2,"5":2,"6":2,"7":2,"8":1,"9":2,"10":2,"11":1,"12":1,"13":1,"14":1,"15":2,"16":2,"17":2,"18":2,"19":1,"20":1,"21":2,"22":2,"23":2,"24":1,"25":1,"26":1,"27":1,"28":1,"29":1,"30":1,"31":1,"32":1,"33":1,"34":1,"35":1,"36":1,"37":1,"38":1,"39":2,"40":2,"41":1,"42":2,"43":2,"44":1,"45":2,"46":2,"47":1,"48":2,"49":2,"50":1,"51":1,"52":1,"53":1,"54":1},"b":{"1":[2,1,1,1],"2":[1,1,1,1],"3":[1,1],"4":[1,1],"5":[1,1],"6":[1,1],"7":[1,1],"8":[1,1],"9":[1,1],"10":[1,1,1],"11":[1,1],"12":[1,1],"13":[1,1],"14":[1,1],"15":[1,1],"16":[1,1],"17":[1,1]},"f":{"1":2,"2":2,"3":2,"4":2,"5":2,"6":1,"7":1,"8":1,"9":2,"10":2,"11":2,"12":2,"13":1},"fnMap":{"1":{"name":"(anonymous_1)","line":12,"loc":{"start":{"line":12,"column":1},"end":{"line":12,"column":13}}},"2":{"name":"(anonymous_2)","line":19,"loc":{"start":{"line":19,"column":5},"end":{"line":19,"column":17}}},"3":{"name":"(anonymous_3)","line":23,"loc":{"start":{"line":23,"column":24},"end":{"line":23,"column":36}}},"4":{"name":"(anonymous_4)","line":61,"loc":{"start":{"line":61,"column":5},"end":{"line":61,"column":17}}},"5":{"name":"(anonymous_5)","line":82,"loc":{"start":{"line":82,"column":5},"end":{"line":82,"column":17}}},"6":{"name":"(anonymous_6)","line":91,"loc":{"start":{"line":91,"column":77},"end":{"line":94,"column":10}}},"7":{"name":"(anonymous_7)","line":112,"loc":{"start":{"line":112,"column":83},"end":{"line":115,"column":10}},"skip":true},"8":{"name":"(anonymous_8)","line":123,"loc":{"start":{"line":123,"column":77},"end":{"line":126,"column":10}},"skip":true},"9":{"name":"(anonymous_9)","line":139,"loc":{"start":{"line":139,"column":12},"end":{"line":139,"column":40}},"skip":true},"10":{"name":"(anonymous_10)","line":147,"loc":{"start":{"line":147,"column":77},"end":{"line":150,"column":10}},"skip":true},"11":{"name":"(anonymous_11)","line":158,"loc":{"start":{"line":158,"column":83},"end":{"line":161,"column":10}},"skip":true},"12":{"name":"(anonymous_12)","line":169,"loc":{"start":{"line":169,"column":79},"end":{"line":172,"column":10}},"skip":true},"13":{"name":"(anonymous_13)","line":180,"loc":{"start":{"line":180,"column":75},"end":{"line":183,"column":10}},"skip":true}},"statementMap":{"1":{"start":{"line":12,"column":0},"end":{"line":195,"column":5}},"2":{"start":{"line":14,"column":4},"end":{"line":14,"column":14}},"3":{"start":{"line":19,"column":4},"end":{"line":56,"column":9}},"4":{"start":{"line":21,"column":8},"end":{"line":21,"column":19}},"5":{"start":{"line":23,"column":8},"end":{"line":35,"column":13}},"6":{"start":{"line":24,"column":12},"end":{"line":34,"column":13}},"7":{"start":{"line":25,"column":16},"end":{"line":28,"column":30}},"8":{"start":{"line":30,"column":16},"end":{"line":33,"column":27}},"9":{"start":{"line":37,"column":8},"end":{"line":39,"column":21}},"10":{"start":{"line":40,"column":8},"end":{"line":53,"column":9}},"11":{"start":{"line":43,"column":12},"end":{"line":46,"column":14}},"12":{"start":{"line":47,"column":12},"end":{"line":47,"column":18}},"13":{"start":{"line":50,"column":12},"end":{"line":51,"column":46}},"14":{"start":{"line":52,"column":12},"end":{"line":52,"column":18}},"15":{"start":{"line":55,"column":8},"end":{"line":55,"column":35}},"16":{"start":{"line":61,"column":4},"end":{"line":63,"column":9}},"17":{"start":{"line":62,"column":8},"end":{"line":62,"column":15}},"18":{"start":{"line":64,"column":4},"end":{"line":77,"column":5}},"19":{"start":{"line":70,"column":8},"end":{"line":70,"column":14}},"20":{"start":{"line":76,"column":8},"end":{"line":76,"column":14}},"21":{"start":{"line":82,"column":4},"end":{"line":84,"column":9}},"22":{"start":{"line":83,"column":8},"end":{"line":83,"column":15}},"23":{"start":{"line":85,"column":4},"end":{"line":194,"column":5}},"24":{"start":{"line":91,"column":8},"end":{"line":99,"column":10}},"25":{"start":{"line":98,"column":12},"end":{"line":98,"column":35}},"26":{"start":{"line":102,"column":8},"end":{"line":104,"column":63}},"27":{"start":{"line":105,"column":8},"end":{"line":105,"column":14}},"28":{"start":{"line":112,"column":8},"end":{"line":121,"column":10},"skip":true},"29":{"start":{"line":119,"column":12},"end":{"line":119,"column":55},"skip":true},"30":{"start":{"line":120,"column":12},"end":{"line":120,"column":48},"skip":true},"31":{"start":{"line":123,"column":8},"end":{"line":136,"column":10},"skip":true},"32":{"start":{"line":130,"column":12},"end":{"line":130,"column":76},"skip":true},"33":{"start":{"line":131,"column":12},"end":{"line":131,"column":73},"skip":true},"34":{"start":{"line":132,"column":12},"end":{"line":132,"column":74},"skip":true},"35":{"start":{"line":133,"column":12},"end":{"line":133,"column":79},"skip":true},"36":{"start":{"line":134,"column":12},"end":{"line":134,"column":25},"skip":true},"37":{"start":{"line":135,"column":12},"end":{"line":135,"column":45},"skip":true},"38":{"start":{"line":138,"column":8},"end":{"line":145,"column":14},"skip":true},"39":{"start":{"line":143,"column":16},"end":{"line":143,"column":29},"skip":true},"40":{"start":{"line":144,"column":16},"end":{"line":144,"column":55},"skip":true},"41":{"start":{"line":147,"column":8},"end":{"line":156,"column":10},"skip":true},"42":{"start":{"line":154,"column":12},"end":{"line":154,"column":25},"skip":true},"43":{"start":{"line":155,"column":12},"end":{"line":155,"column":45},"skip":true},"44":{"start":{"line":158,"column":8},"end":{"line":167,"column":10},"skip":true},"45":{"start":{"line":165,"column":12},"end":{"line":165,"column":25},"skip":true},"46":{"start":{"line":166,"column":12},"end":{"line":166,"column":48},"skip":true},"47":{"start":{"line":169,"column":8},"end":{"line":178,"column":10},"skip":true},"48":{"start":{"line":176,"column":12},"end":{"line":176,"column":25},"skip":true},"49":{"start":{"line":177,"column":12},"end":{"line":177,"column":46},"skip":true},"50":{"start":{"line":180,"column":8},"end":{"line":189,"column":10},"skip":true},"51":{"start":{"line":187,"column":12},"end":{"line":187,"column":94},"skip":true},"52":{"start":{"line":188,"column":12},"end":{"line":188,"column":48},"skip":true},"53":{"start":{"line":192,"column":8},"end":{"line":192,"column":35},"skip":true},"54":{"start":{"line":193,"column":8},"end":{"line":193,"column":14},"skip":true}},"branchMap":{"1":{"line":25,"type":"binary-expr","locations":[{"start":{"line":25,"column":23},"end":{"line":25,"column":62}},{"start":{"line":26,"column":20},"end":{"line":26,"column":70}},{"start":{"line":27,"column":20},"end":{"line":27,"column":71}},{"start":{"line":28,"column":20},"end":{"line":28,"column":29}}]},"2":{"line":30,"type":"binary-expr","locations":[{"start":{"line":30,"column":23},"end":{"line":30,"column":37}},{"start":{"line":31,"column":20},"end":{"line":31,"column":61}},{"start":{"line":32,"column":20},"end":{"line":32,"column":70}},{"start":{"line":33,"column":20},"end":{"line":33,"column":26}}]},"3":{"line":37,"type":"cond-expr","locations":[{"start":{"line":38,"column":14},"end":{"line":38,"column":20}},{"start":{"line":39,"column":14},"end":{"line":39,"column":20}}]},"4":{"line":40,"type":"switch","locations":[{"start":{"line":42,"column":8},"end":{"line":47,"column":18}},{"start":{"line":49,"column":8},"end":{"line":52,"column":18}}]},"5":{"line":44,"type":"binary-expr","locations":[{"start":{"line":44,"column":16},"end":{"line":44,"column":44}},{"start":{"line":44,"column":48},"end":{"line":44,"column":66}}]},"6":{"line":50,"type":"binary-expr","locations":[{"start":{"line":50,"column":21},"end":{"line":50,"column":49}},{"start":{"line":50,"column":53},"end":{"line":50,"column":72}}]},"7":{"line":64,"type":"switch","locations":[{"start":{"line":69,"column":4},"end":{"line":70,"column":14}},{"start":{"line":75,"column":4},"end":{"line":76,"column":14}}]},"8":{"line":85,"type":"switch","locations":[{"start":{"line":90,"column":4},"end":{"line":105,"column":14}},{"start":{"line":111,"column":4},"end":{"line":193,"column":14},"skip":true}]},"9":{"line":91,"type":"binary-expr","locations":[{"start":{"line":91,"column":42},"end":{"line":91,"column":73}},{"start":{"line":91,"column":77},"end":{"line":99,"column":9}}]},"10":{"line":102,"type":"binary-expr","locations":[{"start":{"line":102,"column":18},"end":{"line":102,"column":32}},{"start":{"line":103,"column":12},"end":{"line":103,"column":53}},{"start":{"line":104,"column":12},"end":{"line":104,"column":61}}]},"11":{"line":112,"type":"binary-expr","locations":[{"start":{"line":112,"column":45},"end":{"line":112,"column":79},"skip":true},{"start":{"line":112,"column":83},"end":{"line":121,"column":9},"skip":true}]},"12":{"line":123,"type":"binary-expr","locations":[{"start":{"line":123,"column":42},"end":{"line":123,"column":73},"skip":true},{"start":{"line":123,"column":77},"end":{"line":136,"column":9},"skip":true}]},"13":{"line":138,"type":"binary-expr","locations":[{"start":{"line":138,"column":48},"end":{"line":138,"column":85},"skip":true},{"start":{"line":139,"column":12},"end":{"line":145,"column":13},"skip":true}]},"14":{"line":147,"type":"binary-expr","locations":[{"start":{"line":147,"column":42},"end":{"line":147,"column":73},"skip":true},{"start":{"line":147,"column":77},"end":{"line":156,"column":9},"skip":true}]},"15":{"line":158,"type":"binary-expr","locations":[{"start":{"line":158,"column":45},"end":{"line":158,"column":79},"skip":true},{"start":{"line":158,"column":83},"end":{"line":167,"column":9},"skip":true}]},"16":{"line":169,"type":"binary-expr","locations":[{"start":{"line":169,"column":43},"end":{"line":169,"column":75},"skip":true},{"start":{"line":169,"column":79},"end":{"line":178,"column":9},"skip":true}]},"17":{"line":180,"type":"binary-expr","locations":[{"start":{"line":180,"column":41},"end":{"line":180,"column":71},"skip":true},{"start":{"line":180,"column":75},"end":{"line":189,"column":9},"skip":true}]}},"code":["/* istanbul instrument in package npmtest_uncss */","/*jslint","    bitwise: true,","    browser: true,","    maxerr: 8,","    maxlen: 96,","    node: true,","    nomen: true,","    regexp: true,","    stupid: true","*/","(function () {","    'use strict';","    var local;","","","","    // run shared js-env code - pre-init","    (function () {","        // init local","        local = {};","        // init modeJs","        local.modeJs = (function () {","            try {","                return typeof navigator.userAgent === 'string' &&","                    typeof document.querySelector('body') === 'object' &&","                    typeof XMLHttpRequest.prototype.open === 'function' &&","                    'browser';","            } catch (errorCaughtBrowser) {","                return module.exports &&","                    typeof process.versions.node === 'string' &&","                    typeof require('http').createServer === 'function' &&","                    'node';","            }","        }());","        // init global","        local.global = local.modeJs === 'browser'","            ? window","            : global;","        switch (local.modeJs) {","        // re-init local from window.local","        case 'browser':","            local = local.global.utility2.objectSetDefault(","                local.global.utility2_rollup || local.global.local,","                local.global.utility2","            );","            break;","        // re-init local from example.js","        case 'node':","            local = (local.global.utility2_rollup || require('utility2'))","                .requireExampleJsFromReadme();","            break;","        }","        // export local","        local.global.local = local;","    }());","","","","    // run shared js-env code - function","    (function () {","        return;","    }());","    switch (local.modeJs) {","","","","    // run browser js-env code - function","    case 'browser':","        break;","","","","    // run node js-env code - function","    case 'node':","        break;","    }","","","","    // run shared js-env code - post-init","    (function () {","        return;","    }());","    switch (local.modeJs) {","","","","    // run browser js-env code - post-init","    case 'browser':","        local.testCase_browser_nullCase = local.testCase_browser_nullCase || function (","            options,","            onError","        ) {","        /*","         * this function will test browsers's null-case handling-behavior-behavior","         */","            onError(null, options);","        };","","        // run tests","        local.nop(local.modeTest &&","            document.querySelector('#testRunButton1') &&","            document.querySelector('#testRunButton1').click());","        break;","","","","    // run node js-env code - post-init","    /* istanbul ignore next */","    case 'node':","        local.testCase_buildApidoc_default = local.testCase_buildApidoc_default || function (","            options,","            onError","        ) {","        /*","         * this function will test buildApidoc's default handling-behavior-behavior","         */","            options = { modulePathList: module.paths };","            local.buildApidoc(options, onError);","        };","","        local.testCase_buildApp_default = local.testCase_buildApp_default || function (","            options,","            onError","        ) {","        /*","         * this function will test buildApp's default handling-behavior-behavior","         */","            local.testCase_buildReadme_default(options, local.onErrorThrow);","            local.testCase_buildLib_default(options, local.onErrorThrow);","            local.testCase_buildTest_default(options, local.onErrorThrow);","            local.testCase_buildCustomOrg_default(options, local.onErrorThrow);","            options = [];","            local.buildApp(options, onError);","        };","","        local.testCase_buildCustomOrg_default = local.testCase_buildCustomOrg_default ||","            function (options, onError) {","            /*","             * this function will test buildCustomOrg's default handling-behavior","             */","                options = {};","                local.buildCustomOrg(options, onError);","            };","","        local.testCase_buildLib_default = local.testCase_buildLib_default || function (","            options,","            onError","        ) {","        /*","         * this function will test buildLib's default handling-behavior","         */","            options = {};","            local.buildLib(options, onError);","        };","","        local.testCase_buildReadme_default = local.testCase_buildReadme_default || function (","            options,","            onError","        ) {","        /*","         * this function will test buildReadme's default handling-behavior-behavior","         */","            options = {};","            local.buildReadme(options, onError);","        };","","        local.testCase_buildTest_default = local.testCase_buildTest_default || function (","            options,","            onError","        ) {","        /*","         * this function will test buildTest's default handling-behavior","         */","            options = {};","            local.buildTest(options, onError);","        };","","        local.testCase_webpage_default = local.testCase_webpage_default || function (","            options,","            onError","        ) {","        /*","         * this function will test webpage's default handling-behavior","         */","            options = { modeCoverageMerge: true, url: local.serverLocalHost + '?modeTest=1' };","            local.browserTest(options, onError);","        };","","        // run test-server","        local.testRunServer(local);","        break;","    }","}());",""],"l":{"12":2,"14":2,"19":2,"21":2,"23":2,"24":2,"25":2,"30":1,"37":2,"40":2,"43":1,"47":1,"50":1,"52":1,"55":2,"61":2,"62":2,"64":2,"70":1,"76":1,"82":2,"83":2,"85":2,"91":1,"98":1,"102":1,"105":1,"112":1,"119":1,"120":1,"123":1,"130":1,"131":1,"132":1,"133":1,"134":1,"135":1,"138":1,"143":2,"144":2,"147":1,"154":2,"155":2,"158":1,"165":2,"166":2,"169":1,"176":2,"177":2,"180":1,"187":1,"188":1,"192":1,"193":1}},"/home/travis/build/npmtest/node-npmtest-uncss/lib.npmtest_uncss.js":{"path":"/home/travis/build/npmtest/node-npmtest-uncss/lib.npmtest_uncss.js","s":{"1":2,"2":2,"3":2,"4":2,"5":2,"6":2,"7":2,"8":1,"9":2,"10":2,"11":2,"12":2,"13":1,"14":1,"15":1,"16":1},"b":{"1":[2,1,1,1],"2":[1,1,1,1],"3":[1,1],"4":[2,2],"5":[1,1]},"f":{"1":2,"2":2,"3":2},"fnMap":{"1":{"name":"(anonymous_1)","line":12,"loc":{"start":{"line":12,"column":1},"end":{"line":12,"column":13}}},"2":{"name":"(anonymous_2)","line":19,"loc":{"start":{"line":19,"column":5},"end":{"line":19,"column":17}}},"3":{"name":"(anonymous_3)","line":23,"loc":{"start":{"line":23,"column":24},"end":{"line":23,"column":36}}}},"statementMap":{"1":{"start":{"line":12,"column":0},"end":{"line":53,"column":5}},"2":{"start":{"line":14,"column":4},"end":{"line":14,"column":14}},"3":{"start":{"line":19,"column":4},"end":{"line":52,"column":9}},"4":{"start":{"line":21,"column":8},"end":{"line":21,"column":19}},"5":{"start":{"line":23,"column":8},"end":{"line":35,"column":13}},"6":{"start":{"line":24,"column":12},"end":{"line":34,"column":13}},"7":{"start":{"line":25,"column":16},"end":{"line":28,"column":30}},"8":{"start":{"line":30,"column":16},"end":{"line":33,"column":27}},"9":{"start":{"line":37,"column":8},"end":{"line":39,"column":21}},"10":{"start":{"line":41,"column":8},"end":{"line":41,"column":54}},"11":{"start":{"line":43,"column":8},"end":{"line":43,"column":50}},"12":{"start":{"line":45,"column":8},"end":{"line":51,"column":9}},"13":{"start":{"line":46,"column":12},"end":{"line":46,"column":56}},"14":{"start":{"line":48,"column":12},"end":{"line":48,"column":35}},"15":{"start":{"line":49,"column":12},"end":{"line":49,"column":49}},"16":{"start":{"line":50,"column":12},"end":{"line":50,"column":43}}},"branchMap":{"1":{"line":25,"type":"binary-expr","locations":[{"start":{"line":25,"column":23},"end":{"line":25,"column":62}},{"start":{"line":26,"column":20},"end":{"line":26,"column":70}},{"start":{"line":27,"column":20},"end":{"line":27,"column":71}},{"start":{"line":28,"column":20},"end":{"line":28,"column":29}}]},"2":{"line":30,"type":"binary-expr","locations":[{"start":{"line":30,"column":23},"end":{"line":30,"column":37}},{"start":{"line":31,"column":20},"end":{"line":31,"column":61}},{"start":{"line":32,"column":20},"end":{"line":32,"column":70}},{"start":{"line":33,"column":20},"end":{"line":33,"column":26}}]},"3":{"line":37,"type":"cond-expr","locations":[{"start":{"line":38,"column":14},"end":{"line":38,"column":20}},{"start":{"line":39,"column":14},"end":{"line":39,"column":20}}]},"4":{"line":41,"type":"binary-expr","locations":[{"start":{"line":41,"column":16},"end":{"line":41,"column":44}},{"start":{"line":41,"column":48},"end":{"line":41,"column":53}}]},"5":{"line":45,"type":"if","locations":[{"start":{"line":45,"column":8},"end":{"line":45,"column":8}},{"start":{"line":45,"column":8},"end":{"line":45,"column":8}}]}},"code":["/* istanbul instrument in package npmtest_uncss */","/*jslint","    bitwise: true,","    browser: true,","    maxerr: 8,","    maxlen: 96,","    node: true,","    nomen: true,","    regexp: true,","    stupid: true","*/","(function () {","    'use strict';","    var local;","","","","    // run shared js-env code - pre-init","    (function () {","        // init local","        local = {};","        // init modeJs","        local.modeJs = (function () {","            try {","                return typeof navigator.userAgent === 'string' &&","                    typeof document.querySelector('body') === 'object' &&","                    typeof XMLHttpRequest.prototype.open === 'function' &&","                    'browser';","            } catch (errorCaughtBrowser) {","                return module.exports &&","                    typeof process.versions.node === 'string' &&","                    typeof require('http').createServer === 'function' &&","                    'node';","            }","        }());","        // init global","        local.global = local.modeJs === 'browser'","            ? window","            : global;","        // init utility2_rollup","        local = local.global.utility2_rollup || local;","        // init lib","        local.local = local.npmtest_uncss = local;","        // init exports","        if (local.modeJs === 'browser') {","            local.global.utility2_npmtest_uncss = local;","        } else {","            module.exports = local;","            module.exports.__dirname = __dirname;","            module.exports.module = module;","        }","    }());","}());",""],"l":{"12":2,"14":2,"19":2,"21":2,"23":2,"24":2,"25":2,"30":1,"37":2,"41":2,"43":2,"45":2,"46":1,"48":1,"49":1,"50":1}},"/home/travis/build/npmtest/node-npmtest-uncss/example.js":{"path":"/home/travis/build/npmtest/node-npmtest-uncss/example.js","s":{"1":2,"2":2,"3":2,"4":2,"5":2,"6":2,"7":2,"8":1,"9":2,"10":2,"11":2,"12":2,"13":1,"14":2,"15":2,"16":2,"17":2,"18":2,"19":0,"20":2,"21":1,"22":1,"23":1,"24":1,"25":1,"26":0,"27":0,"28":1,"29":1,"30":2,"31":0,"32":0,"33":0,"34":1,"35":2,"36":2,"37":3,"38":3,"39":3,"40":3,"41":0,"42":3,"43":3,"44":3,"45":1,"46":3,"47":1,"48":1,"49":1,"50":1,"51":1,"52":1,"53":1,"54":1,"55":1,"56":1,"57":0,"58":1,"59":6,"60":6,"61":1,"62":2,"63":0,"64":2,"65":1,"66":1,"67":0,"68":0,"69":0,"70":0,"71":0,"72":0,"73":0,"74":0,"75":0,"76":0,"77":0,"78":0,"79":0,"80":0,"81":0,"82":0,"83":0},"b":{"1":[2,1,1,1],"2":[1,1,1,1],"3":[1,1],"4":[2,2],"5":[1,1],"6":[1,1],"7":[2,0],"8":[2,1,1,1,1,1],"9":[0,2,0],"10":[1,1],"11":[2,1,1],"12":[1,0],"13":[0,2],"14":[2,0,0,0,0,0,0],"15":[0,3],"16":[3,0],"17":[1,1],"18":[0,1],"19":[1,2,0,2],"20":[1,0],"21":[1,1],"22":[0,0],"23":[0,0],"24":[0,0],"25":[0,0],"26":[0,0],"27":[0,0],"28":[0,0]},"f":{"1":2,"2":2,"3":2,"4":2,"5":2,"6":2,"7":3,"8":3,"9":3,"10":1,"11":6,"12":0},"fnMap":{"1":{"name":"(anonymous_1)","line":26,"loc":{"start":{"line":26,"column":1},"end":{"line":26,"column":13}}},"2":{"name":"(anonymous_2)","line":33,"loc":{"start":{"line":33,"column":5},"end":{"line":33,"column":17}}},"3":{"name":"(anonymous_3)","line":37,"loc":{"start":{"line":37,"column":24},"end":{"line":37,"column":36}}},"4":{"name":"(anonymous_4)","line":69,"loc":{"start":{"line":69,"column":31},"end":{"line":69,"column":48}},"skip":true},"5":{"name":"(anonymous_5)","line":78,"loc":{"start":{"line":78,"column":26},"end":{"line":78,"column":45}},"skip":true},"6":{"name":"(anonymous_6)","line":123,"loc":{"start":{"line":123,"column":33},"end":{"line":123,"column":48}},"skip":true},"7":{"name":"(anonymous_7)","line":125,"loc":{"start":{"line":125,"column":27},"end":{"line":125,"column":39}},"skip":true},"8":{"name":"(anonymous_8)","line":133,"loc":{"start":{"line":133,"column":59},"end":{"line":133,"column":74}},"skip":true},"9":{"name":"(anonymous_9)","line":143,"loc":{"start":{"line":143,"column":45},"end":{"line":143,"column":62}},"skip":true},"10":{"name":"(anonymous_10)","line":144,"loc":{"start":{"line":144,"column":73},"end":{"line":144,"column":92}},"skip":true},"11":{"name":"(anonymous_11)","line":272,"loc":{"start":{"line":272,"column":51},"end":{"line":272,"column":77}},"skip":true},"12":{"name":"(anonymous_12)","line":315,"loc":{"start":{"line":315,"column":32},"end":{"line":315,"column":61}},"skip":true}},"statementMap":{"1":{"start":{"line":26,"column":0},"end":{"line":326,"column":5}},"2":{"start":{"line":28,"column":4},"end":{"line":28,"column":14}},"3":{"start":{"line":33,"column":4},"end":{"line":60,"column":9}},"4":{"start":{"line":35,"column":8},"end":{"line":35,"column":19}},"5":{"start":{"line":37,"column":8},"end":{"line":49,"column":13}},"6":{"start":{"line":38,"column":12},"end":{"line":48,"column":13}},"7":{"start":{"line":39,"column":16},"end":{"line":42,"column":30}},"8":{"start":{"line":44,"column":16},"end":{"line":47,"column":27}},"9":{"start":{"line":51,"column":8},"end":{"line":53,"column":21}},"10":{"start":{"line":55,"column":8},"end":{"line":57,"column":45}},"11":{"start":{"line":59,"column":8},"end":{"line":59,"column":35}},"12":{"start":{"line":61,"column":4},"end":{"line":325,"column":5}},"13":{"start":{"line":69,"column":8},"end":{"line":121,"column":10},"skip":true},"14":{"start":{"line":70,"column":12},"end":{"line":88,"column":13},"skip":true},"15":{"start":{"line":76,"column":16},"end":{"line":87,"column":19},"skip":true},"16":{"start":{"line":79,"column":20},"end":{"line":86,"column":21},"skip":true},"17":{"start":{"line":82,"column":24},"end":{"line":82,"column":43},"skip":true},"18":{"start":{"line":83,"column":24},"end":{"line":83,"column":30},"skip":true},"19":{"start":{"line":85,"column":24},"end":{"line":85,"column":49},"skip":true},"20":{"start":{"line":89,"column":12},"end":{"line":107,"column":13},"skip":true},"21":{"start":{"line":92,"column":16},"end":{"line":102,"column":17},"skip":true},"22":{"start":{"line":93,"column":20},"end":{"line":93,"column":86},"skip":true},"23":{"start":{"line":94,"column":20},"end":{"line":95,"column":45},"skip":true},"24":{"start":{"line":96,"column":20},"end":{"line":96,"column":42},"skip":true},"25":{"start":{"line":97,"column":20},"end":{"line":97,"column":48},"skip":true},"26":{"start":{"line":100,"column":20},"end":{"line":100,"column":85},"skip":true},"27":{"start":{"line":101,"column":20},"end":{"line":101,"column":96},"skip":true},"28":{"start":{"line":103,"column":16},"end":{"line":103,"column":22},"skip":true},"29":{"start":{"line":106,"column":16},"end":{"line":106,"column":22},"skip":true},"30":{"start":{"line":108,"column":12},"end":{"line":120,"column":13},"skip":true},"31":{"start":{"line":114,"column":16},"end":{"line":119,"column":17},"skip":true},"32":{"start":{"line":116,"column":20},"end":{"line":116,"column":78},"skip":true},"33":{"start":{"line":118,"column":20},"end":{"line":118,"column":47},"skip":true},"34":{"start":{"line":123,"column":8},"end":{"line":141,"column":11},"skip":true},"35":{"start":{"line":124,"column":12},"end":{"line":124,"column":54},"skip":true},"36":{"start":{"line":125,"column":12},"end":{"line":140,"column":14},"skip":true},"37":{"start":{"line":126,"column":16},"end":{"line":126,"column":28},"skip":true},"38":{"start":{"line":127,"column":16},"end":{"line":127,"column":69},"skip":true},"39":{"start":{"line":128,"column":16},"end":{"line":128,"column":75},"skip":true},"40":{"start":{"line":129,"column":16},"end":{"line":131,"column":17},"skip":true},"41":{"start":{"line":130,"column":20},"end":{"line":130,"column":27},"skip":true},"42":{"start":{"line":133,"column":16},"end":{"line":137,"column":36},"skip":true},"43":{"start":{"line":134,"column":20},"end":{"line":136,"column":55},"skip":true},"44":{"start":{"line":139,"column":16},"end":{"line":139,"column":57},"skip":true},"45":{"start":{"line":143,"column":8},"end":{"line":147,"column":11},"skip":true},"46":{"start":{"line":144,"column":12},"end":{"line":146,"column":15},"skip":true},"47":{"start":{"line":145,"column":16},"end":{"line":145,"column":70},"skip":true},"48":{"start":{"line":149,"column":8},"end":{"line":149,"column":31},"skip":true},"49":{"start":{"line":150,"column":8},"end":{"line":150,"column":14},"skip":true},"50":{"start":{"line":158,"column":8},"end":{"line":158,"column":31},"skip":true},"51":{"start":{"line":160,"column":8},"end":{"line":160,"column":33},"skip":true},"52":{"start":{"line":161,"column":8},"end":{"line":161,"column":37},"skip":true},"53":{"start":{"line":162,"column":8},"end":{"line":162,"column":35},"skip":true},"54":{"start":{"line":164,"column":8},"end":{"line":164,"column":50},"skip":true},"55":{"start":{"line":166,"column":8},"end":{"line":256,"column":2},"skip":true},"56":{"start":{"line":258,"column":8},"end":{"line":286,"column":9},"skip":true},"57":{"start":{"line":259,"column":12},"end":{"line":269,"column":14},"skip":true},"58":{"start":{"line":271,"column":12},"end":{"line":285,"column":19},"skip":true},"59":{"start":{"line":274,"column":20},"end":{"line":274,"column":35},"skip":true},"60":{"start":{"line":275,"column":20},"end":{"line":284,"column":21},"skip":true},"61":{"start":{"line":277,"column":24},"end":{"line":277,"column":64},"skip":true},"62":{"start":{"line":279,"column":24},"end":{"line":279,"column":40},"skip":true},"63":{"start":{"line":281,"column":24},"end":{"line":281,"column":40},"skip":true},"64":{"start":{"line":283,"column":24},"end":{"line":283,"column":39},"skip":true},"65":{"start":{"line":288,"column":8},"end":{"line":290,"column":9},"skip":true},"66":{"start":{"line":289,"column":12},"end":{"line":289,"column":18},"skip":true},"67":{"start":{"line":291,"column":8},"end":{"line":293,"column":54},"skip":true},"68":{"start":{"line":296,"column":8},"end":{"line":301,"column":37},"skip":true},"69":{"start":{"line":303,"column":8},"end":{"line":303,"column":82},"skip":true},"70":{"start":{"line":306,"column":8},"end":{"line":308,"column":9},"skip":true},"71":{"start":{"line":307,"column":12},"end":{"line":307,"column":82},"skip":true},"72":{"start":{"line":310,"column":8},"end":{"line":312,"column":9},"skip":true},"73":{"start":{"line":311,"column":12},"end":{"line":311,"column":18},"skip":true},"74":{"start":{"line":313,"column":8},"end":{"line":313,"column":54},"skip":true},"75":{"start":{"line":314,"column":8},"end":{"line":314,"column":69},"skip":true},"76":{"start":{"line":315,"column":8},"end":{"line":323,"column":36},"skip":true},"77":{"start":{"line":316,"column":12},"end":{"line":316,"column":61},"skip":true},"78":{"start":{"line":317,"column":12},"end":{"line":320,"column":13},"skip":true},"79":{"start":{"line":318,"column":16},"end":{"line":318,"column":75},"skip":true},"80":{"start":{"line":319,"column":16},"end":{"line":319,"column":23},"skip":true},"81":{"start":{"line":321,"column":12},"end":{"line":321,"column":38},"skip":true},"82":{"start":{"line":322,"column":12},"end":{"line":322,"column":27},"skip":true},"83":{"start":{"line":324,"column":8},"end":{"line":324,"column":14},"skip":true}},"branchMap":{"1":{"line":39,"type":"binary-expr","locations":[{"start":{"line":39,"column":23},"end":{"line":39,"column":62}},{"start":{"line":40,"column":20},"end":{"line":40,"column":70}},{"start":{"line":41,"column":20},"end":{"line":41,"column":71}},{"start":{"line":42,"column":20},"end":{"line":42,"column":29}}]},"2":{"line":44,"type":"binary-expr","locations":[{"start":{"line":44,"column":23},"end":{"line":44,"column":37}},{"start":{"line":45,"column":20},"end":{"line":45,"column":61}},{"start":{"line":46,"column":20},"end":{"line":46,"column":70}},{"start":{"line":47,"column":20},"end":{"line":47,"column":26}}]},"3":{"line":51,"type":"cond-expr","locations":[{"start":{"line":52,"column":14},"end":{"line":52,"column":20}},{"start":{"line":53,"column":14},"end":{"line":53,"column":20}}]},"4":{"line":55,"type":"binary-expr","locations":[{"start":{"line":55,"column":16},"end":{"line":55,"column":44}},{"start":{"line":55,"column":49},"end":{"line":57,"column":43}}]},"5":{"line":55,"type":"cond-expr","locations":[{"start":{"line":56,"column":14},"end":{"line":56,"column":49}},{"start":{"line":57,"column":14},"end":{"line":57,"column":43}}]},"6":{"line":61,"type":"switch","locations":[{"start":{"line":68,"column":4},"end":{"line":150,"column":14},"skip":true},{"start":{"line":156,"column":4},"end":{"line":324,"column":14},"skip":true}]},"7":{"line":70,"type":"if","locations":[{"start":{"line":70,"column":12},"end":{"line":70,"column":12},"skip":true},{"start":{"line":70,"column":12},"end":{"line":70,"column":12},"skip":true}]},"8":{"line":70,"type":"binary-expr","locations":[{"start":{"line":70,"column":16},"end":{"line":70,"column":22},"skip":true},{"start":{"line":70,"column":27},"end":{"line":70,"column":32},"skip":true},{"start":{"line":71,"column":20},"end":{"line":71,"column":39},"skip":true},{"start":{"line":72,"column":20},"end":{"line":72,"column":49},"skip":true},{"start":{"line":73,"column":20},"end":{"line":73,"column":58},"skip":true},{"start":{"line":74,"column":20},"end":{"line":74,"column":69},"skip":true}]},"9":{"line":79,"type":"switch","locations":[{"start":{"line":80,"column":20},"end":{"line":80,"column":33},"skip":true},{"start":{"line":81,"column":20},"end":{"line":83,"column":30},"skip":true},{"start":{"line":84,"column":20},"end":{"line":85,"column":49},"skip":true}]},"10":{"line":89,"type":"switch","locations":[{"start":{"line":90,"column":12},"end":{"line":103,"column":22},"skip":true},{"start":{"line":105,"column":12},"end":{"line":106,"column":22},"skip":true}]},"11":{"line":89,"type":"binary-expr","locations":[{"start":{"line":89,"column":20},"end":{"line":89,"column":25},"skip":true},{"start":{"line":89,"column":29},"end":{"line":89,"column":48},"skip":true},{"start":{"line":89,"column":52},"end":{"line":89,"column":74},"skip":true}]},"12":{"line":92,"type":"if","locations":[{"start":{"line":92,"column":16},"end":{"line":92,"column":16},"skip":true},{"start":{"line":92,"column":16},"end":{"line":92,"column":16},"skip":true}]},"13":{"line":108,"type":"if","locations":[{"start":{"line":108,"column":12},"end":{"line":108,"column":12},"skip":true},{"start":{"line":108,"column":12},"end":{"line":108,"column":12},"skip":true}]},"14":{"line":108,"type":"binary-expr","locations":[{"start":{"line":108,"column":16},"end":{"line":108,"column":61},"skip":true},{"start":{"line":108,"column":66},"end":{"line":108,"column":72},"skip":true},{"start":{"line":108,"column":77},"end":{"line":108,"column":82},"skip":true},{"start":{"line":109,"column":20},"end":{"line":109,"column":39},"skip":true},{"start":{"line":110,"column":20},"end":{"line":110,"column":49},"skip":true},{"start":{"line":111,"column":20},"end":{"line":111,"column":58},"skip":true},{"start":{"line":112,"column":20},"end":{"line":112,"column":68},"skip":true}]},"15":{"line":129,"type":"if","locations":[{"start":{"line":129,"column":16},"end":{"line":129,"column":16},"skip":true},{"start":{"line":129,"column":16},"end":{"line":129,"column":16},"skip":true}]},"16":{"line":134,"type":"cond-expr","locations":[{"start":{"line":135,"column":26},"end":{"line":135,"column":29},"skip":true},{"start":{"line":136,"column":26},"end":{"line":136,"column":54},"skip":true}]},"17":{"line":164,"type":"binary-expr","locations":[{"start":{"line":164,"column":27},"end":{"line":164,"column":43},"skip":true},{"start":{"line":164,"column":47},"end":{"line":164,"column":49},"skip":true}]},"18":{"line":258,"type":"if","locations":[{"start":{"line":258,"column":8},"end":{"line":258,"column":8},"skip":true},{"start":{"line":258,"column":8},"end":{"line":258,"column":8},"skip":true}]},"19":{"line":275,"type":"switch","locations":[{"start":{"line":276,"column":20},"end":{"line":277,"column":64},"skip":true},{"start":{"line":278,"column":20},"end":{"line":279,"column":40},"skip":true},{"start":{"line":280,"column":20},"end":{"line":281,"column":40},"skip":true},{"start":{"line":282,"column":20},"end":{"line":283,"column":39},"skip":true}]},"20":{"line":288,"type":"if","locations":[{"start":{"line":288,"column":8},"end":{"line":288,"column":8},"skip":true},{"start":{"line":288,"column":8},"end":{"line":288,"column":8},"skip":true}]},"21":{"line":288,"type":"binary-expr","locations":[{"start":{"line":288,"column":12},"end":{"line":288,"column":40},"skip":true},{"start":{"line":288,"column":44},"end":{"line":288,"column":67},"skip":true}]},"22":{"line":292,"type":"binary-expr","locations":[{"start":{"line":292,"column":12},"end":{"line":292,"column":50},"skip":true},{"start":{"line":293,"column":12},"end":{"line":293,"column":53},"skip":true}]},"23":{"line":297,"type":"binary-expr","locations":[{"start":{"line":297,"column":12},"end":{"line":297,"column":63},"skip":true},{"start":{"line":298,"column":12},"end":{"line":301,"column":36},"skip":true}]},"24":{"line":303,"type":"binary-expr","locations":[{"start":{"line":303,"column":43},"end":{"line":303,"column":75},"skip":true},{"start":{"line":303,"column":79},"end":{"line":303,"column":81},"skip":true}]},"25":{"line":306,"type":"if","locations":[{"start":{"line":306,"column":8},"end":{"line":306,"column":8},"skip":true},{"start":{"line":306,"column":8},"end":{"line":306,"column":8},"skip":true}]},"26":{"line":310,"type":"if","locations":[{"start":{"line":310,"column":8},"end":{"line":310,"column":8},"skip":true},{"start":{"line":310,"column":8},"end":{"line":310,"column":8},"skip":true}]},"27":{"line":313,"type":"binary-expr","locations":[{"start":{"line":313,"column":27},"end":{"line":313,"column":43},"skip":true},{"start":{"line":313,"column":47},"end":{"line":313,"column":53},"skip":true}]},"28":{"line":317,"type":"if","locations":[{"start":{"line":317,"column":12},"end":{"line":317,"column":12},"skip":true},{"start":{"line":317,"column":12},"end":{"line":317,"column":12},"skip":true}]}},"code":["/*","example.js","","quickstart example","","instruction","    1. save this script as example.js","    2. run the shell command:","        $ npm install npmtest-uncss && PORT=8081 node example.js","    3. play with the browser-demo on http://127.0.0.1:8081","*/","","","","/* istanbul instrument in package npmtest_uncss */","/*jslint","    bitwise: true,","    browser: true,","    maxerr: 8,","    maxlen: 96,","    node: true,","    nomen: true,","    regexp: true,","    stupid: true","*/","(function () {","    'use strict';","    var local;","","","","    // run shared js-env code - pre-init","    (function () {","        // init local","        local = {};","        // init modeJs","        local.modeJs = (function () {","            try {","                return typeof navigator.userAgent === 'string' &&","                    typeof document.querySelector('body') === 'object' &&","                    typeof XMLHttpRequest.prototype.open === 'function' &&","                    'browser';","            } catch (errorCaughtBrowser) {","                return module.exports &&","                    typeof process.versions.node === 'string' &&","                    typeof require('http').createServer === 'function' &&","                    'node';","            }","        }());","        // init global","        local.global = local.modeJs === 'browser'","            ? window","            : global;","        // init utility2_rollup","        local = local.global.utility2_rollup || (local.modeJs === 'browser'","            ? local.global.utility2_npmtest_uncss","            : global.utility2_moduleExports);","        // export local","        local.global.local = local;","    }());","    switch (local.modeJs) {","","","","    // post-init","    // run browser js-env code - post-init","    /* istanbul ignore next */","    case 'browser':","        local.testRunBrowser = function (event) {","            if (!event || (event &&","                    event.currentTarget &&","                    event.currentTarget.className &&","                    event.currentTarget.className.includes &&","                    event.currentTarget.className.includes('onreset'))) {","                // reset output","                Array.from(","                    document.querySelectorAll('body > .resettable')","                ).forEach(function (element) {","                    switch (element.tagName) {","                    case 'INPUT':","                    case 'TEXTAREA':","                        element.value = '';","                        break;","                    default:","                        element.textContent = '';","                    }","                });","            }","            switch (event && event.currentTarget && event.currentTarget.id) {","            case 'testRunButton1':","                // show tests","                if (document.querySelector('#testReportDiv1').style.display === 'none') {","                    document.querySelector('#testReportDiv1').style.display = 'block';","                    document.querySelector('#testRunButton1').textContent =","                        'hide internal test';","                    local.modeTest = true;","                    local.testRunDefault(local);","                // hide tests","                } else {","                    document.querySelector('#testReportDiv1').style.display = 'none';","                    document.querySelector('#testRunButton1').textContent = 'run internal test';","                }","                break;","            // custom-case","            default:","                break;","            }","            if (document.querySelector('#inputTextareaEval1') && (!event || (event &&","                    event.currentTarget &&","                    event.currentTarget.className &&","                    event.currentTarget.className.includes &&","                    event.currentTarget.className.includes('oneval')))) {","                // try to eval input-code","                try {","                    /*jslint evil: true*/","                    eval(document.querySelector('#inputTextareaEval1').value);","                } catch (errorCaught) {","                    console.error(errorCaught);","                }","            }","        };","        // log stderr and stdout to #outputTextareaStdout1","        ['error', 'log'].forEach(function (key) {","            console[key + '_original'] = console[key];","            console[key] = function () {","                var element;","                console[key + '_original'].apply(console, arguments);","                element = document.querySelector('#outputTextareaStdout1');","                if (!element) {","                    return;","                }","                // append text to #outputTextareaStdout1","                element.value += Array.from(arguments).map(function (arg) {","                    return typeof arg === 'string'","                        ? arg","                        : JSON.stringify(arg, null, 4);","                }).join(' ') + '\\n';","                // scroll textarea to bottom","                element.scrollTop = element.scrollHeight;","            };","        });","        // init event-handling","        ['change', 'click', 'keyup'].forEach(function (event) {","            Array.from(document.querySelectorAll('.on' + event)).forEach(function (element) {","                element.addEventListener(event, local.testRunBrowser);","            });","        });","        // run tests","        local.testRunBrowser();","        break;","","","","    // run node js-env code - post-init","    /* istanbul ignore next */","    case 'node':","        // export local","        module.exports = local;","        // require modules","        local.fs = require('fs');","        local.http = require('http');","        local.url = require('url');","        // init assets","        local.assetsDict = local.assetsDict || {};","        /* jslint-ignore-begin */","        local.assetsDict['/assets.index.template.html'] = '\\","<!doctype html>\\n\\","<html lang=\"en\">\\n\\","<head>\\n\\","<meta charset=\"UTF-8\">\\n\\","<meta name=\"viewport\" content=\"width=device-width, initial-scale=1\">\\n\\","<title>{{env.npm_package_name}} (v{{env.npm_package_version}})</title>\\n\\","<style>\\n\\","/*csslint\\n\\","    box-sizing: false,\\n\\","    universal-selector: false\\n\\","*/\\n\\","* {\\n\\","    box-sizing: border-box;\\n\\","}\\n\\","body {\\n\\","    background: #dde;\\n\\","    font-family: Arial, Helvetica, sans-serif;\\n\\","    margin: 2rem;\\n\\","}\\n\\","body > * {\\n\\","    margin-bottom: 1rem;\\n\\","}\\n\\",".utility2FooterDiv {\\n\\","    margin-top: 20px;\\n\\","    text-align: center;\\n\\","}\\n\\","</style>\\n\\","<style>\\n\\","/*csslint\\n\\","*/\\n\\","textarea {\\n\\","    font-family: monospace;\\n\\","    height: 10rem;\\n\\","    width: 100%;\\n\\","}\\n\\","textarea[readonly] {\\n\\","    background: #ddd;\\n\\","}\\n\\","</style>\\n\\","</head>\\n\\","<body>\\n\\","<!-- utility2-comment\\n\\","<div id=\"ajaxProgressDiv1\" style=\"background: #d00; height: 2px; left: 0; margin: 0; padding: 0; position: fixed; top: 0; transition: background 0.5s, width 1.5s; width: 25%;\"></div>\\n\\","utility2-comment -->\\n\\","<h1>\\n\\","<!-- utility2-comment\\n\\","    <a\\n\\","        {{#if env.npm_package_homepage}}\\n\\","        href=\"{{env.npm_package_homepage}}\"\\n\\","        {{/if env.npm_package_homepage}}\\n\\","        target=\"_blank\"\\n\\","    >\\n\\","utility2-comment -->\\n\\","        {{env.npm_package_name}} (v{{env.npm_package_version}})\\n\\","<!-- utility2-comment\\n\\","    </a>\\n\\","utility2-comment -->\\n\\","</h1>\\n\\","<h3>{{env.npm_package_description}}</h3>\\n\\","<!-- utility2-comment\\n\\","<h4><a download href=\"assets.app.js\">download standalone app</a></h4>\\n\\","<button class=\"onclick onreset\" id=\"testRunButton1\">run internal test</button><br>\\n\\","<div id=\"testReportDiv1\" style=\"display: none;\"></div>\\n\\","utility2-comment -->\\n\\","\\n\\","\\n\\","\\n\\","<label>stderr and stdout</label>\\n\\","<textarea class=\"resettable\" id=\"outputTextareaStdout1\" readonly></textarea>\\n\\","<!-- utility2-comment\\n\\","{{#if isRollup}}\\n\\","<script src=\"assets.app.js\"></script>\\n\\","{{#unless isRollup}}\\n\\","utility2-comment -->\\n\\","<script src=\"assets.utility2.rollup.js\"></script>\\n\\","<script src=\"jsonp.utility2._stateInit?callback=window.utility2._stateInit\"></script>\\n\\","<script src=\"assets.npmtest_uncss.rollup.js\"></script>\\n\\","<script src=\"assets.example.js\"></script>\\n\\","<script src=\"assets.test.js\"></script>\\n\\","<!-- utility2-comment\\n\\","{{/if isRollup}}\\n\\","utility2-comment -->\\n\\","<div class=\"utility2FooterDiv\">\\n\\","    [ this app was created with\\n\\","    <a href=\"https://github.com/kaizhu256/node-utility2\" target=\"_blank\">utility2</a>\\n\\","    ]\\n\\","</div>\\n\\","</body>\\n\\","</html>\\n\\","';","        /* jslint-ignore-end */","        if (local.templateRender) {","            local.assetsDict['/'] = local.templateRender(","                local.assetsDict['/assets.index.template.html'],","                {","                    env: local.objectSetDefault(local.env, {","                        npm_package_description: 'the greatest app in the world!',","                        npm_package_name: 'my-app',","                        npm_package_nameAlias: 'my_app',","                        npm_package_version: '0.0.1'","                    })","                }","            );","        } else {","            local.assetsDict['/'] = local.assetsDict['/assets.index.template.html']","                .replace((/\\{\\{env\\.(\\w+?)\\}\\}/g), function (match0, match1) {","                    // jslint-hack","                    String(match0);","                    switch (match1) {","                    case 'npm_package_description':","                        return 'the greatest app in the world!';","                    case 'npm_package_name':","                        return 'my-app';","                    case 'npm_package_nameAlias':","                        return 'my_app';","                    case 'npm_package_version':","                        return '0.0.1';","                    }","                });","        }","        // run the cli","        if (local.global.utility2_rollup || module !== require.main) {","            break;","        }","        local.assetsDict['/assets.example.js'] =","            local.assetsDict['/assets.example.js'] ||","            local.fs.readFileSync(__filename, 'utf8');","        // bug-workaround - long $npm_package_buildCustomOrg","        /* jslint-ignore-begin */","        local.assetsDict['/assets.npmtest_uncss.rollup.js'] =","            local.assetsDict['/assets.npmtest_uncss.rollup.js'] ||","            local.fs.readFileSync(","                local.npmtest_uncss.__dirname + '/lib.npmtest_uncss.js',","                'utf8'","            ).replace((/^#!/), '//');","        /* jslint-ignore-end */","        local.assetsDict['/favicon.ico'] = local.assetsDict['/favicon.ico'] || '';","        // if $npm_config_timeout_exit exists,","        // then exit this process after $npm_config_timeout_exit ms","        if (Number(process.env.npm_config_timeout_exit)) {","            setTimeout(process.exit, Number(process.env.npm_config_timeout_exit));","        }","        // start server","        if (local.global.utility2_serverHttp1) {","            break;","        }","        process.env.PORT = process.env.PORT || '8081';","        console.error('server starting on port ' + process.env.PORT);","        local.http.createServer(function (request, response) {","            request.urlParsed = local.url.parse(request.url);","            if (local.assetsDict[request.urlParsed.pathname] !== undefined) {","                response.end(local.assetsDict[request.urlParsed.pathname]);","                return;","            }","            response.statusCode = 404;","            response.end();","        }).listen(process.env.PORT);","        break;","    }","}());",""],"l":{"26":2,"28":2,"33":2,"35":2,"37":2,"38":2,"39":2,"44":1,"51":2,"55":2,"59":2,"61":2,"69":1,"70":2,"76":2,"79":2,"82":2,"83":2,"85":1,"89":2,"92":1,"93":1,"94":1,"96":1,"97":1,"100":1,"101":1,"103":1,"106":1,"108":2,"114":1,"116":1,"118":1,"123":1,"124":2,"125":2,"126":3,"127":3,"128":3,"129":3,"130":1,"133":3,"134":3,"139":3,"143":1,"144":3,"145":1,"149":1,"150":1,"158":1,"160":1,"161":1,"162":1,"164":1,"166":1,"258":1,"259":1,"271":1,"274":6,"275":6,"277":1,"279":2,"281":1,"283":2,"288":1,"289":1,"291":1,"296":1,"303":1,"306":1,"307":1,"310":1,"311":1,"313":1,"314":1,"315":1,"316":1,"317":1,"318":1,"319":1,"321":1,"322":1,"324":1}},"/home/travis/build/npmtest/node-npmtest-uncss/node_modules/uncss/src/uncss.js":{"path":"/home/travis/build/npmtest/node-npmtest-uncss/node_modules/uncss/src/uncss.js","s":{"1":1,"2":1,"3":0,"4":0,"5":0,"6":0,"7":0,"8":0,"9":0,"10":0,"11":0,"12":0,"13":0,"14":0,"15":0,"16":0,"17":0,"18":0,"19":1,"20":0,"21":0,"22":0,"23":0,"24":0,"25":1,"26":0,"27":0,"28":0,"29":0,"30":0,"31":0,"32":0,"33":0,"34":0,"35":0,"36":0,"37":0,"38":1,"39":0,"40":0,"41":0,"42":0,"43":0,"44":0,"45":0,"46":0,"47":0,"48":0,"49":0,"50":0,"51":0,"52":0,"53":0,"54":0,"55":0,"56":0,"57":1,"58":0,"59":0,"60":0,"61":0,"62":0,"63":0,"64":0,"65":0,"66":0,"67":0,"68":0,"69":0,"70":0,"71":0,"72":0,"73":1,"74":0,"75":1,"76":0,"77":0,"78":0,"79":0,"80":0,"81":1,"82":0,"83":1,"84":1,"85":1,"86":0,"87":0,"88":0,"89":0,"90":0,"91":0,"92":1,"93":1},"b":{"1":[0,0],"2":[0,0],"3":[0,0],"4":[0,0],"5":[0,0],"6":[0,0],"7":[0,0],"8":[0,0],"9":[0,0],"10":[0,0],"11":[0,0],"12":[0,0],"13":[0,0],"14":[0,0],"15":[0,0],"16":[0,0],"17":[0,0],"18":[0,0],"19":[0,0],"20":[0,0],"21":[0,0]},"f":{"1":0,"2":0,"3":0,"4":0,"5":0,"6":0,"7":0,"8":0,"9":0,"10":0,"11":0,"12":0,"13":0,"14":0,"15":0,"16":0,"17":0,"18":0,"19":0,"20":0,"21":0,"22":0,"23":0,"24":1,"25":0,"26":0,"27":0},"fnMap":{"1":{"name":"getHTML","line":22,"loc":{"start":{"line":22,"column":0},"end":{"line":22,"column":33}}},"2":{"name":"(anonymous_2)","line":24,"loc":{"start":{"line":24,"column":52},"end":{"line":24,"column":69}}},"3":{"name":"(anonymous_3)","line":29,"loc":{"start":{"line":29,"column":32},"end":{"line":29,"column":48}}},"4":{"name":"(anonymous_4)","line":40,"loc":{"start":{"line":40,"column":30},"end":{"line":40,"column":50}}},"5":{"name":"(anonymous_5)","line":49,"loc":{"start":{"line":49,"column":12},"end":{"line":49,"column":29}}},"6":{"name":"getStylesheets","line":61,"loc":{"start":{"line":61,"column":0},"end":{"line":61,"column":47}}},"7":{"name":"(anonymous_7)","line":67,"loc":{"start":{"line":67,"column":30},"end":{"line":67,"column":46}}},"8":{"name":"(anonymous_8)","line":69,"loc":{"start":{"line":69,"column":12},"end":{"line":69,"column":35}}},"9":{"name":"getCSS","line":82,"loc":{"start":{"line":82,"column":0},"end":{"line":82,"column":52}}},"10":{"name":"(anonymous_10)","line":85,"loc":{"start":{"line":85,"column":38},"end":{"line":85,"column":53}}},"11":{"name":"(anonymous_11)","line":86,"loc":{"start":{"line":86,"column":30},"end":{"line":86,"column":47}}},"12":{"name":"(anonymous_12)","line":87,"loc":{"start":{"line":87,"column":53},"end":{"line":87,"column":71}}},"13":{"name":"(anonymous_13)","line":108,"loc":{"start":{"line":108,"column":17},"end":{"line":108,"column":38}}},"14":{"name":"processWithTextApi","line":129,"loc":{"start":{"line":129,"column":0},"end":{"line":129,"column":64}}},"15":{"name":"(anonymous_15)","line":163,"loc":{"start":{"line":163,"column":53},"end":{"line":163,"column":73}}},"16":{"name":"(anonymous_16)","line":165,"loc":{"start":{"line":165,"column":31},"end":{"line":165,"column":48}}},"17":{"name":"(anonymous_17)","line":175,"loc":{"start":{"line":175,"column":27},"end":{"line":175,"column":46}}},"18":{"name":"init","line":188,"loc":{"start":{"line":188,"column":0},"end":{"line":188,"column":40}}},"19":{"name":"processAsPostCss","line":229,"loc":{"start":{"line":229,"column":0},"end":{"line":229,"column":49}}},"20":{"name":"(anonymous_20)","line":235,"loc":{"start":{"line":235,"column":34},"end":{"line":235,"column":60}}},"21":{"name":"(anonymous_21)","line":238,"loc":{"start":{"line":238,"column":50},"end":{"line":238,"column":62}}},"22":{"name":"(anonymous_22)","line":245,"loc":{"start":{"line":245,"column":46},"end":{"line":245,"column":58}}},"23":{"name":"(anonymous_23)","line":254,"loc":{"start":{"line":254,"column":24},"end":{"line":254,"column":35}}},"24":{"name":"(anonymous_24)","line":258,"loc":{"start":{"line":258,"column":44},"end":{"line":258,"column":60}}},"25":{"name":"(anonymous_25)","line":267,"loc":{"start":{"line":267,"column":11},"end":{"line":267,"column":34}}},"26":{"name":"(anonymous_26)","line":273,"loc":{"start":{"line":273,"column":27},"end":{"line":273,"column":54}}},"27":{"name":"(anonymous_27)","line":274,"loc":{"start":{"line":274,"column":39},"end":{"line":274,"column":54}}}},"statementMap":{"1":{"start":{"line":3,"column":0},"end":{"line":14,"column":26}},"2":{"start":{"line":22,"column":0},"end":{"line":52,"column":1}},"3":{"start":{"line":23,"column":4},"end":{"line":27,"column":5}},"4":{"start":{"line":24,"column":8},"end":{"line":26,"column":11}},"5":{"start":{"line":25,"column":12},"end":{"line":25,"column":45}},"6":{"start":{"line":29,"column":4},"end":{"line":34,"column":8}},"7":{"start":{"line":30,"column":8},"end":{"line":32,"column":9}},"8":{"start":{"line":31,"column":12},"end":{"line":31,"column":35}},"9":{"start":{"line":33,"column":8},"end":{"line":33,"column":20}},"10":{"start":{"line":36,"column":4},"end":{"line":38,"column":5}},"11":{"start":{"line":37,"column":8},"end":{"line":37,"column":54}},"12":{"start":{"line":40,"column":4},"end":{"line":51,"column":7}},"13":{"start":{"line":41,"column":8},"end":{"line":43,"column":9}},"14":{"start":{"line":42,"column":12},"end":{"line":42,"column":57}},"15":{"start":{"line":44,"column":8},"end":{"line":46,"column":9}},"16":{"start":{"line":45,"column":12},"end":{"line":45,"column":56}},"17":{"start":{"line":48,"column":8},"end":{"line":48,"column":50}},"18":{"start":{"line":50,"column":8},"end":{"line":50,"column":39}},"19":{"start":{"line":61,"column":0},"end":{"line":72,"column":1}},"20":{"start":{"line":62,"column":4},"end":{"line":65,"column":5}},"21":{"start":{"line":64,"column":8},"end":{"line":64,"column":62}},"22":{"start":{"line":67,"column":4},"end":{"line":71,"column":7}},"23":{"start":{"line":68,"column":8},"end":{"line":68,"column":53}},"24":{"start":{"line":70,"column":8},"end":{"line":70,"column":52}},"25":{"start":{"line":82,"column":0},"end":{"line":119,"column":1}},"26":{"start":{"line":84,"column":4},"end":{"line":95,"column":5}},"27":{"start":{"line":85,"column":8},"end":{"line":94,"column":11}},"28":{"start":{"line":86,"column":12},"end":{"line":93,"column":15}},"29":{"start":{"line":87,"column":16},"end":{"line":92,"column":19}},"30":{"start":{"line":88,"column":20},"end":{"line":90,"column":21}},"31":{"start":{"line":89,"column":24},"end":{"line":89,"column":51}},"32":{"start":{"line":91,"column":20},"end":{"line":91,"column":44}},"33":{"start":{"line":97,"column":4},"end":{"line":117,"column":5}},"34":{"start":{"line":106,"column":8},"end":{"line":113,"column":21}},"35":{"start":{"line":109,"column":16},"end":{"line":109,"column":69}},"36":{"start":{"line":116,"column":8},"end":{"line":116,"column":25}},"37":{"start":{"line":118,"column":4},"end":{"line":118,"column":73}},"38":{"start":{"line":129,"column":0},"end":{"line":179,"column":1}},"39":{"start":{"line":131,"column":4},"end":{"line":137,"column":5}},"40":{"start":{"line":132,"column":8},"end":{"line":136,"column":9}},"41":{"start":{"line":133,"column":12},"end":{"line":133,"column":42}},"42":{"start":{"line":135,"column":12},"end":{"line":135,"column":70}},"43":{"start":{"line":145,"column":4},"end":{"line":147,"column":5}},"44":{"start":{"line":146,"column":8},"end":{"line":146,"column":55}},"45":{"start":{"line":155,"column":4},"end":{"line":156,"column":21}},"46":{"start":{"line":157,"column":4},"end":{"line":162,"column":5}},"47":{"start":{"line":158,"column":8},"end":{"line":158,"column":37}},"48":{"start":{"line":161,"column":8},"end":{"line":161,"column":53}},"49":{"start":{"line":163,"column":4},"end":{"line":178,"column":7}},"50":{"start":{"line":164,"column":8},"end":{"line":164,"column":27}},"51":{"start":{"line":165,"column":8},"end":{"line":167,"column":11}},"52":{"start":{"line":166,"column":12},"end":{"line":166,"column":32}},"53":{"start":{"line":169,"column":8},"end":{"line":174,"column":9}},"54":{"start":{"line":170,"column":12},"end":{"line":173,"column":14}},"55":{"start":{"line":175,"column":8},"end":{"line":177,"column":11}},"56":{"start":{"line":176,"column":12},"end":{"line":176,"column":41}},"57":{"start":{"line":188,"column":0},"end":{"line":227,"column":1}},"58":{"start":{"line":190,"column":4},"end":{"line":196,"column":5}},"59":{"start":{"line":192,"column":8},"end":{"line":192,"column":27}},"60":{"start":{"line":193,"column":8},"end":{"line":193,"column":21}},"61":{"start":{"line":194,"column":11},"end":{"line":196,"column":5}},"62":{"start":{"line":195,"column":8},"end":{"line":195,"column":58}},"63":{"start":{"line":199,"column":4},"end":{"line":211,"column":5}},"64":{"start":{"line":200,"column":8},"end":{"line":210,"column":9}},"65":{"start":{"line":202,"column":12},"end":{"line":202,"column":78}},"66":{"start":{"line":204,"column":12},"end":{"line":207,"column":13}},"67":{"start":{"line":205,"column":16},"end":{"line":205,"column":82}},"68":{"start":{"line":206,"column":16},"end":{"line":206,"column":23}},"69":{"start":{"line":208,"column":12},"end":{"line":208,"column":26}},"70":{"start":{"line":209,"column":12},"end":{"line":209,"column":19}},"71":{"start":{"line":214,"column":4},"end":{"line":224,"column":7}},"72":{"start":{"line":226,"column":4},"end":{"line":226,"column":44}},"73":{"start":{"line":229,"column":0},"end":{"line":231,"column":1}},"74":{"start":{"line":230,"column":4},"end":{"line":230,"column":60}},"75":{"start":{"line":235,"column":0},"end":{"line":252,"column":6}},"76":{"start":{"line":236,"column":4},"end":{"line":243,"column":5}},"77":{"start":{"line":237,"column":8},"end":{"line":242,"column":34}},"78":{"start":{"line":239,"column":16},"end":{"line":240,"column":46}},"79":{"start":{"line":244,"column":4},"end":{"line":251,"column":48}},"80":{"start":{"line":246,"column":12},"end":{"line":249,"column":44}},"81":{"start":{"line":254,"column":0},"end":{"line":256,"column":2}},"82":{"start":{"line":255,"column":4},"end":{"line":255,"column":25}},"83":{"start":{"line":258,"column":0},"end":{"line":283,"column":3}},"84":{"start":{"line":259,"column":4},"end":{"line":265,"column":7}},"85":{"start":{"line":267,"column":4},"end":{"line":282,"column":6}},"86":{"start":{"line":268,"column":8},"end":{"line":271,"column":11}},"87":{"start":{"line":273,"column":8},"end":{"line":281,"column":11}},"88":{"start":{"line":274,"column":12},"end":{"line":280,"column":15}},"89":{"start":{"line":275,"column":16},"end":{"line":279,"column":17}},"90":{"start":{"line":276,"column":20},"end":{"line":276,"column":32}},"91":{"start":{"line":278,"column":20},"end":{"line":278,"column":30}},"92":{"start":{"line":285,"column":0},"end":{"line":285,"column":22}},"93":{"start":{"line":286,"column":0},"end":{"line":286,"column":45}}},"branchMap":{"1":{"line":23,"type":"if","locations":[{"start":{"line":23,"column":4},"end":{"line":23,"column":4}},{"start":{"line":23,"column":4},"end":{"line":23,"column":4}}]},"2":{"line":30,"type":"if","locations":[{"start":{"line":30,"column":8},"end":{"line":30,"column":8}},{"start":{"line":30,"column":8},"end":{"line":30,"column":8}}]},"3":{"line":30,"type":"binary-expr","locations":[{"start":{"line":30,"column":12},"end":{"line":30,"column":24}},{"start":{"line":30,"column":28},"end":{"line":30,"column":41}}]},"4":{"line":36,"type":"if","locations":[{"start":{"line":36,"column":4},"end":{"line":36,"column":4}},{"start":{"line":36,"column":4},"end":{"line":36,"column":4}}]},"5":{"line":41,"type":"if","locations":[{"start":{"line":41,"column":8},"end":{"line":41,"column":8}},{"start":{"line":41,"column":8},"end":{"line":41,"column":8}}]},"6":{"line":44,"type":"if","locations":[{"start":{"line":44,"column":8},"end":{"line":44,"column":8}},{"start":{"line":44,"column":8},"end":{"line":44,"column":8}}]},"7":{"line":62,"type":"if","locations":[{"start":{"line":62,"column":4},"end":{"line":62,"column":4}},{"start":{"line":62,"column":4},"end":{"line":62,"column":4}}]},"8":{"line":62,"type":"binary-expr","locations":[{"start":{"line":62,"column":8},"end":{"line":62,"column":27}},{"start":{"line":62,"column":31},"end":{"line":62,"column":57}}]},"9":{"line":84,"type":"if","locations":[{"start":{"line":84,"column":4},"end":{"line":84,"column":4}},{"start":{"line":84,"column":4},"end":{"line":84,"column":4}}]},"10":{"line":88,"type":"if","locations":[{"start":{"line":88,"column":20},"end":{"line":88,"column":20}},{"start":{"line":88,"column":20},"end":{"line":88,"column":20}}]},"11":{"line":97,"type":"if","locations":[{"start":{"line":97,"column":4},"end":{"line":97,"column":4}},{"start":{"line":97,"column":4},"end":{"line":97,"column":4}}]},"12":{"line":131,"type":"if","locations":[{"start":{"line":131,"column":4},"end":{"line":131,"column":4}},{"start":{"line":131,"column":4},"end":{"line":131,"column":4}}]},"13":{"line":132,"type":"if","locations":[{"start":{"line":132,"column":8},"end":{"line":132,"column":8}},{"start":{"line":132,"column":8},"end":{"line":132,"column":8}}]},"14":{"line":145,"type":"if","locations":[{"start":{"line":145,"column":4},"end":{"line":145,"column":4}},{"start":{"line":145,"column":4},"end":{"line":145,"column":4}}]},"15":{"line":169,"type":"if","locations":[{"start":{"line":169,"column":8},"end":{"line":169,"column":8}},{"start":{"line":169,"column":8},"end":{"line":169,"column":8}}]},"16":{"line":190,"type":"if","locations":[{"start":{"line":190,"column":4},"end":{"line":190,"column":4}},{"start":{"line":190,"column":4},"end":{"line":190,"column":4}}]},"17":{"line":194,"type":"if","locations":[{"start":{"line":194,"column":11},"end":{"line":194,"column":11}},{"start":{"line":194,"column":11},"end":{"line":194,"column":11}}]},"18":{"line":199,"type":"if","locations":[{"start":{"line":199,"column":4},"end":{"line":199,"column":4}},{"start":{"line":199,"column":4},"end":{"line":199,"column":4}}]},"19":{"line":204,"type":"if","locations":[{"start":{"line":204,"column":12},"end":{"line":204,"column":12}},{"start":{"line":204,"column":12},"end":{"line":204,"column":12}}]},"20":{"line":236,"type":"if","locations":[{"start":{"line":236,"column":4},"end":{"line":236,"column":4}},{"start":{"line":236,"column":4},"end":{"line":236,"column":4}}]},"21":{"line":275,"type":"if","locations":[{"start":{"line":275,"column":16},"end":{"line":275,"column":16}},{"start":{"line":275,"column":16},"end":{"line":275,"column":16}}]}},"code":["'use strict';","","var promise = require('bluebird'),","    async = require('async'),","    assign = require('object-assign'),","    fs = require('fs'),","    glob = require('glob'),","    isHTML = require('is-html'),","    isURL = require('is-absolute-url'),","    phantom = require('./phantom.js'),","    postcss = require('postcss'),","    uncss = require('./lib.js'),","    utility = require('./utility.js'),","    _ = require('lodash');","","/**"," * Get the contents of HTML pages through PhantomJS."," * @param  {Array}   files   List of HTML files"," * @param  {Object}  options UnCSS options"," * @return {promise}"," */","function getHTML(files, options) {","    if (_.isString(files)) {","        return phantom.fromRaw(files, options).then(function (pages) {","            return [files, options, [pages]];","        });","    }","","    files = _.flatten(files.map(function (file) {","        if (!isURL(file) && !isHTML(file)) {","            return glob.sync(file);","        }","        return file;","    }));","","    if (!files.length) {","        throw new Error('UnCSS: no HTML files found');","    }","","    return promise.map(files, function (filename) {","        if (isURL(filename)) {","            return phantom.fromRemote(filename, options);","        }","        if (fs.existsSync(filename)) {","            return phantom.fromLocal(filename, options);","        }","        // raw html","        return phantom.fromRaw(filename, options);","    }).then(function (pages) {","        return [files, options, pages];","    });","}","","/**"," * Get the contents of CSS files."," * @param  {Array}   files   List of HTML files"," * @param  {Object}  options UnCSS options"," * @param  {Array}   pages   Pages opened by phridge"," * @return {promise}"," */","function getStylesheets(files, options, pages) {","    if (options.stylesheets && options.stylesheets.length) {","        /* Simulate the behavior below */","        return [files, options, pages, [options.stylesheets]];","    }","    /* Extract the stylesheets from the HTML */","    return promise.map(pages, function (page) {","        return phantom.getStylesheets(page, options);","    }).then(function (stylesheets) {","        return [files, options, pages, stylesheets];","    });","}","","/**"," * Get the contents of CSS files."," * @param  {Array}   files       List of HTML files"," * @param  {Object}  options     UnCSS options"," * @param  {Array}   pages       Pages opened by phridge"," * @param  {Array}   stylesheets List of CSS files"," * @return {promise}"," */","function getCSS(files, options, pages, stylesheets) {","    /* Ignore specified stylesheets */","    if (options.ignoreSheets.length) {","        stylesheets = stylesheets.map(function (arr) {","            return arr.filter(function (sheet) {","                return _.every(options.ignoreSheets, function (ignore) {","                    if (_.isRegExp(ignore)) {","                        return !ignore.test(sheet);","                    }","                    return sheet !== ignore;","                });","            });","        });","    }","","    if (_.flatten(stylesheets).length) {","        /* Only run this if we found links to stylesheets (there may be none...)","         *  files       = ['some_file.html', 'some_other_file.html']","         *  stylesheets = [['relative_css_path.css', ...],","         *                 ['maybe_a_duplicate.css', ...]]","         * We need to - make the stylesheets' paths relative to the HTML files,","         *            - flatten the array,","         *            - remove duplicates","         */","        stylesheets =","            _.chain(stylesheets)","            .map(function (sheets, i) {","                return utility.parsePaths(files[i], sheets, options);","            })","            .flatten()","            .uniq()","            .value();","    } else {","        /* Reset the array if we didn't find any link tags */","        stylesheets = [];","    }","    return [files, options, pages, utility.readStylesheets(stylesheets)];","}","","/**"," * Do the actual work"," * @param  {Array}   files       List of HTML files"," * @param  {Object}  options     UnCSS options"," * @param  {Array}   pages       Pages opened by phridge"," * @param  {Array}   stylesheets List of CSS files"," * @return {promise}"," */","function processWithTextApi(files, options, pages, stylesheets) {","    /* If we specified a raw string of CSS, add it to the stylesheets array */","    if (options.raw) {","        if (_.isString(options.raw)) {","            stylesheets.push(options.raw);","        } else {","            throw new Error('UnCSS: options.raw - expected a string');","        }","    }","","    /* At this point, there isn't any point in running the rest of the task if:","     * - We didn't specify any stylesheet links in the options object","     * - We couldn't find any stylesheet links in the HTML itself","     * - We weren't passed a string of raw CSS in addition to, or to replace","     *     either of the above","     */","    if (!_.flatten(stylesheets).length) {","        throw new Error('UnCSS: no stylesheets found');","    }","","    /* OK, so we have some CSS to work with!","     * Three steps:","     * - Parse the CSS","     * - Remove the unused rules","     * - Return the optimized CSS as a string","     */","    var cssStr = stylesheets.join(' \\n'),","        pcss, report;","    try {","        pcss = postcss.parse(cssStr);","    } catch (err) {","        /* Try and construct a helpful error message */","        throw utility.parseErrorMessage(err, cssStr);","    }","    return uncss(pages, pcss, options.ignore).spread(function (css, rep) {","        var newCssStr = '';","        postcss.stringify(css, function(result) {","            newCssStr += result;","        });","","        if (options.report) {","            report = {","                original: cssStr,","                selectors: rep","            };","        }","        return new promise(function (resolve) {","            resolve([newCssStr, report]);","        });","    });","}","","/**"," * Main exposed function."," * Here we check the options and callback, then run the files through PhantomJS."," * @param  {Array}    files     Array of filenames"," * @param  {Object}   [options] options"," * @param  {Function} callback(Error, String, Object)"," */","function init(files, options, callback) {","","    if (_.isFunction(options)) {","        /* There were no options, this argument is actually the callback */","        callback = options;","        options = {};","    } else if (!_.isFunction(callback)) {","        throw new TypeError('UnCSS: expected a callback');","    }","","    /* Try and read options from the specified uncssrc file */","    if (options.uncssrc) {","        try {","            /* Manually-specified options take precedence over uncssrc options */","            options = _.merge(utility.parseUncssrc(options.uncssrc), options);","        } catch (err) {","            if (err instanceof SyntaxError) {","                callback(new SyntaxError('UnCSS: uncssrc file is invalid JSON.'));","                return;","            }","            callback(err);","            return;","        }","    }","","    /* Assign default values to options, unless specified */","    options = _.defaults(options, {","        csspath: '',","        ignore: [],","        media: [],","        timeout: 0,","        report: false,","        ignoreSheets: [],","        html: files,","        // gulp-uncss parameters:","        raw: null","    });","","    serializedQueue.push(options, callback);","}","","function processAsPostCss(files, options, pages) {","    return uncss(pages, options.rawPostCss, options.ignore);","}","","// There always seem to be problems trying to run more than one phantom at a time,","// so let's serialize all their accesses here","var serializedQueue = async.queue(function (opts, callback) {","    if (opts.usePostCssInternal) {","        return promise","            .using(phantom.init(phantom.phantom), function () {","                return getHTML(opts.html, opts)","                    .spread(processAsPostCss);","            })","            .asCallback(callback);","    }","    return promise","        .using(phantom.init(phantom.phantom), function () {","            return getHTML(opts.html, opts)","                .spread(getStylesheets)","                .spread(getCSS)","                .spread(processWithTextApi);","        })","        .asCallback(callback, { spread: true });","}, 1);","","serializedQueue.drain = function() {","    phantom.cleanupAll();","};","","var postcssPlugin = postcss.plugin('uncss', function (opts) {","    opts = _.defaults(opts, {","        usePostCssInternal: true,","        // Ignore stylesheets in the HTML files; only use those from the stream","        ignoreSheets: [/\\s*/],","        html: [],","        ignore: []","    });","","    return function (css, result) { // eslint-disable-line no-unused-vars","        opts = assign(opts, {","            // This is used to pass the css object in to processAsPostCSS","            rawPostCss: css","        });","","        return new promise(function (resolve, reject) {","            serializedQueue.push(opts, function (err) {","                if (err) {","                    reject(err);","                } else {","                    resolve();","                }","            });","        });","    };","});","","module.exports = init;","module.exports.postcssPlugin = postcssPlugin;",""],"l":{"3":1,"22":1,"23":0,"24":0,"25":0,"29":0,"30":0,"31":0,"33":0,"36":0,"37":0,"40":0,"41":0,"42":0,"44":0,"45":0,"48":0,"50":0,"61":1,"62":0,"64":0,"67":0,"68":0,"70":0,"82":1,"84":0,"85":0,"86":0,"87":0,"88":0,"89":0,"91":0,"97":0,"106":0,"109":0,"116":0,"118":0,"129":1,"131":0,"132":0,"133":0,"135":0,"145":0,"146":0,"155":0,"157":0,"158":0,"161":0,"163":0,"164":0,"165":0,"166":0,"169":0,"170":0,"175":0,"176":0,"188":1,"190":0,"192":0,"193":0,"194":0,"195":0,"199":0,"200":0,"202":0,"204":0,"205":0,"206":0,"208":0,"209":0,"214":0,"226":0,"229":1,"230":0,"235":1,"236":0,"237":0,"239":0,"244":0,"246":0,"254":1,"255":0,"258":1,"259":1,"267":1,"268":0,"273":0,"274":0,"275":0,"276":0,"278":0,"285":1,"286":1}},"/home/travis/build/npmtest/node-npmtest-uncss/node_modules/uncss/src/phantom.js":{"path":"/home/travis/build/npmtest/node-npmtest-uncss/node_modules/uncss/src/phantom.js","s":{"1":1,"2":1,"3":1,"4":0,"5":0,"6":0,"7":0,"8":0,"9":0,"10":0,"11":0,"12":1,"13":0,"14":1,"15":0,"16":0,"17":0,"18":0,"19":0,"20":0,"21":0,"22":0,"23":0,"24":0,"25":0,"26":0,"27":0,"28":0,"29":1,"30":0,"31":0,"32":0,"33":0,"34":1,"35":0,"36":0,"37":0,"38":0,"39":1,"40":0,"41":0,"42":1,"43":0,"44":0,"45":0,"46":0,"47":1,"48":0,"49":0,"50":0,"51":0,"52":0,"53":0,"54":0,"55":0,"56":0,"57":0,"58":0,"59":1,"60":0,"61":0,"62":0,"63":0,"64":0,"65":0,"66":0,"67":0,"68":0,"69":0,"70":0,"71":0,"72":0,"73":0,"74":0,"75":0,"76":0,"77":1},"b":{"1":[0,0],"2":[0,0],"3":[0,0],"4":[0,0],"5":[0,0],"6":[0,0],"7":[0,0],"8":[0,0],"9":[0,0],"10":[0,0],"11":[0,0]},"f":{"1":0,"2":0,"3":0,"4":0,"5":0,"6":0,"7":0,"8":0,"9":0,"10":0,"11":0,"12":0,"13":0,"14":0,"15":0,"16":0,"17":0,"18":0,"19":0,"20":0,"21":0,"22":0,"23":0,"24":0,"25":0,"26":0,"27":0,"28":0,"29":0,"30":0,"31":0},"fnMap":{"1":{"name":"init","line":21,"loc":{"start":{"line":21,"column":0},"end":{"line":21,"column":24}}},"2":{"name":"(anonymous_2)","line":28,"loc":{"start":{"line":28,"column":23},"end":{"line":28,"column":42}}},"3":{"name":"(anonymous_3)","line":33,"loc":{"start":{"line":33,"column":12},"end":{"line":33,"column":26}}},"4":{"name":"cleanupAll","line":41,"loc":{"start":{"line":41,"column":0},"end":{"line":41,"column":22}}},"5":{"name":"ResourceHandler","line":55,"loc":{"start":{"line":55,"column":0},"end":{"line":55,"column":55}}},"6":{"name":"(anonymous_6)","line":61,"loc":{"start":{"line":61,"column":31},"end":{"line":61,"column":70}}},"7":{"name":"resolveWithPage","line":99,"loc":{"start":{"line":99,"column":0},"end":{"line":99,"column":40}}},"8":{"name":"(anonymous_8)","line":100,"loc":{"start":{"line":100,"column":11},"end":{"line":100,"column":23}}},"9":{"name":"(anonymous_9)","line":101,"loc":{"start":{"line":101,"column":27},"end":{"line":101,"column":46}}},"10":{"name":"(anonymous_10)","line":102,"loc":{"start":{"line":102,"column":23},"end":{"line":102,"column":35}}},"11":{"name":"fromRaw","line":115,"loc":{"start":{"line":115,"column":0},"end":{"line":115,"column":32}}},"12":{"name":"(anonymous_12)","line":119,"loc":{"start":{"line":119,"column":89},"end":{"line":119,"column":101}}},"13":{"name":"(anonymous_13)","line":120,"loc":{"start":{"line":120,"column":30},"end":{"line":120,"column":45}}},"14":{"name":"fromLocal","line":132,"loc":{"start":{"line":132,"column":0},"end":{"line":132,"column":38}}},"15":{"name":"(anonymous_15)","line":133,"loc":{"start":{"line":133,"column":66},"end":{"line":133,"column":82}}},"16":{"name":"fromRemote","line":144,"loc":{"start":{"line":144,"column":0},"end":{"line":144,"column":34}}},"17":{"name":"(anonymous_17)","line":150,"loc":{"start":{"line":150,"column":54},"end":{"line":150,"column":70}}},"18":{"name":"getStylesheets","line":161,"loc":{"start":{"line":161,"column":0},"end":{"line":161,"column":39}}},"19":{"name":"(anonymous_19)","line":166,"loc":{"start":{"line":166,"column":20},"end":{"line":166,"column":32}}},"20":{"name":"(anonymous_20)","line":167,"loc":{"start":{"line":167,"column":29},"end":{"line":167,"column":41}}},"21":{"name":"(anonymous_21)","line":168,"loc":{"start":{"line":168,"column":97},"end":{"line":168,"column":113}}},"22":{"name":"(anonymous_22)","line":175,"loc":{"start":{"line":175,"column":12},"end":{"line":175,"column":35}}},"23":{"name":"(anonymous_23)","line":179,"loc":{"start":{"line":179,"column":20},"end":{"line":179,"column":37}}},"24":{"name":"(anonymous_24)","line":182,"loc":{"start":{"line":182,"column":17},"end":{"line":182,"column":34}}},"25":{"name":"findAll","line":195,"loc":{"start":{"line":195,"column":0},"end":{"line":195,"column":29}}},"26":{"name":"(anonymous_26)","line":196,"loc":{"start":{"line":196,"column":26},"end":{"line":196,"column":42}}},"27":{"name":"(anonymous_27)","line":197,"loc":{"start":{"line":197,"column":29},"end":{"line":197,"column":50}}},"28":{"name":"(anonymous_28)","line":199,"loc":{"start":{"line":199,"column":84},"end":{"line":199,"column":98}}},"29":{"name":"(anonymous_29)","line":203,"loc":{"start":{"line":203,"column":63},"end":{"line":203,"column":80}}},"30":{"name":"(anonymous_30)","line":208,"loc":{"start":{"line":208,"column":41},"end":{"line":208,"column":61}}},"31":{"name":"(anonymous_31)","line":222,"loc":{"start":{"line":222,"column":12},"end":{"line":222,"column":27}}}},"statementMap":{"1":{"start":{"line":7,"column":0},"end":{"line":12,"column":26}},"2":{"start":{"line":14,"column":0},"end":{"line":14,"column":12}},"3":{"start":{"line":21,"column":0},"end":{"line":39,"column":1}},"4":{"start":{"line":22,"column":4},"end":{"line":25,"column":5}},"5":{"start":{"line":23,"column":8},"end":{"line":23,"column":27}},"6":{"start":{"line":24,"column":8},"end":{"line":24,"column":20}},"7":{"start":{"line":28,"column":4},"end":{"line":38,"column":36}},"8":{"start":{"line":29,"column":8},"end":{"line":32,"column":12}},"9":{"start":{"line":35,"column":8},"end":{"line":35,"column":45}},"10":{"start":{"line":36,"column":8},"end":{"line":36,"column":57}},"11":{"start":{"line":37,"column":8},"end":{"line":37,"column":21}},"12":{"start":{"line":41,"column":0},"end":{"line":43,"column":1}},"13":{"start":{"line":42,"column":4},"end":{"line":42,"column":25}},"14":{"
[...]
,"column":0},"end":{"line":44,"column":65}}},"4":{"name":"(anonymous_4)","line":51,"loc":{"start":{"line":51,"column":28},"end":{"line":51,"column":48}}},"5":{"name":"getUsedAnimations","line":74,"loc":{"start":{"line":74,"column":0},"end":{"line":74,"column":32}}},"6":{"name":"(anonymous_6)","line":76,"loc":{"start":{"line":76,"column":18},"end":{"line":76,"column":34}}},"7":{"name":"(anonymous_7)","line":82,"loc":{"start":{"line":82,"column":51},"end":{"line":82,"column":67}}},"8":{"name":"filterKeyframes","line":98,"loc":{"start":{"line":98,"column":0},"end":{"line":98,"column":55}}},"9":{"name":"(anonymous_9)","line":99,"loc":{"start":{"line":99,"column":34},"end":{"line":99,"column":52}}},"10":{"name":"filterEmptyAtRules","line":112,"loc":{"start":{"line":112,"column":0},"end":{"line":112,"column":33}}},"11":{"name":"(anonymous_11)","line":114,"loc":{"start":{"line":114,"column":20},"end":{"line":114,"column":38}}},"12":{"name":"getUsedSelectors","line":127,"loc":{"start":{"line":127,"column":0},"end":{"line":127,"column":37}}},"13":{"name":"(anonymous_13)","line":129,"loc":{"start":{"line":129,"column":18},"end":{"line":129,"column":34}}},"14":{"name":"(anonymous_14)","line":133,"loc":{"start":{"line":133,"column":38},"end":{"line":133,"column":58}}},"15":{"name":"(anonymous_15)","line":135,"loc":{"start":{"line":135,"column":12},"end":{"line":135,"column":31}}},"16":{"name":"getAllSelectors","line":145,"loc":{"start":{"line":145,"column":0},"end":{"line":145,"column":30}}},"17":{"name":"(anonymous_17)","line":147,"loc":{"start":{"line":147,"column":18},"end":{"line":147,"column":34}}},"18":{"name":"filterUnusedRules","line":161,"loc":{"start":{"line":161,"column":0},"end":{"line":161,"column":62}}},"19":{"name":"(anonymous_19)","line":174,"loc":{"start":{"line":174,"column":13},"end":{"line":174,"column":29}}},"20":{"name":"(anonymous_20)","line":195,"loc":{"start":{"line":195,"column":56},"end":{"line":195,"column":76}}},"21":{"name":"uncss","line":229,"loc":{"start":{"line":229,"column":17},"end":{"line":229,"column":52}}},"22":{"name":"(anonymous_22)","line":230,"loc":{"start":{"line":230,"column":30},"end":{"line":230,"column":46}}},"23":{"name":"(anonymous_23)","line":232,"loc":{"start":{"line":232,"column":12},"end":{"line":232,"column":37}}}},"statementMap":{"1":{"start":{"line":3,"column":0},"end":{"line":6,"column":26}},"2":{"start":{"line":11,"column":0},"end":{"line":35,"column":5}},"3":{"start":{"line":12,"column":4},"end":{"line":30,"column":65}},"4":{"start":{"line":32,"column":4},"end":{"line":34,"column":6}},"5":{"start":{"line":33,"column":8},"end":{"line":33,"column":50}},"6":{"start":{"line":44,"column":0},"end":{"line":67,"column":1}},"7":{"start":{"line":51,"column":4},"end":{"line":66,"column":7}},"8":{"start":{"line":52,"column":8},"end":{"line":52,"column":40}},"9":{"start":{"line":54,"column":8},"end":{"line":56,"column":9}},"10":{"start":{"line":55,"column":12},"end":{"line":55,"column":24}},"11":{"start":{"line":57,"column":8},"end":{"line":64,"column":9}},"12":{"start":{"line":58,"column":12},"end":{"line":60,"column":13}},"13":{"start":{"line":59,"column":16},"end":{"line":59,"column":28}},"14":{"start":{"line":61,"column":12},"end":{"line":63,"column":13}},"15":{"start":{"line":62,"column":16},"end":{"line":62,"column":28}},"16":{"start":{"line":65,"column":8},"end":{"line":65,"column":54}},"17":{"start":{"line":74,"column":0},"end":{"line":89,"column":1}},"18":{"start":{"line":75,"column":4},"end":{"line":75,"column":28}},"19":{"start":{"line":76,"column":4},"end":{"line":87,"column":7}},"20":{"start":{"line":77,"column":8},"end":{"line":86,"column":9}},"21":{"start":{"line":79,"column":12},"end":{"line":79,"column":86}},"22":{"start":{"line":80,"column":15},"end":{"line":86,"column":9}},"23":{"start":{"line":82,"column":12},"end":{"line":85,"column":15}},"24":{"start":{"line":84,"column":16},"end":{"line":84,"column":65}},"25":{"start":{"line":88,"column":4},"end":{"line":88,"column":26}},"26":{"start":{"line":98,"column":0},"end":{"line":105,"column":1}},"27":{"start":{"line":99,"column":4},"end":{"line":104,"column":7}},"28":{"start":{"line":100,"column":8},"end":{"line":103,"column":9}},"29":{"start":{"line":101,"column":12},"end":{"line":101,"column":37}},"30":{"start":{"line":102,"column":12},"end":{"line":102,"column":28}},"31":{"start":{"line":112,"column":0},"end":{"line":119,"column":1}},"32":{"start":{"line":114,"column":4},"end":{"line":118,"column":7}},"33":{"start":{"line":115,"column":8},"end":{"line":117,"column":9}},"34":{"start":{"line":116,"column":12},"end":{"line":116,"column":28}},"35":{"start":{"line":127,"column":0},"end":{"line":138,"column":1}},"36":{"start":{"line":128,"column":4},"end":{"line":128,"column":27}},"37":{"start":{"line":129,"column":4},"end":{"line":131,"column":7}},"38":{"start":{"line":130,"column":8},"end":{"line":130,"column":80}},"39":{"start":{"line":133,"column":4},"end":{"line":137,"column":7}},"40":{"start":{"line":134,"column":8},"end":{"line":134,"column":24}},"41":{"start":{"line":136,"column":8},"end":{"line":136,"column":47}},"42":{"start":{"line":145,"column":0},"end":{"line":151,"column":1}},"43":{"start":{"line":146,"column":4},"end":{"line":146,"column":23}},"44":{"start":{"line":147,"column":4},"end":{"line":149,"column":7}},"45":{"start":{"line":148,"column":8},"end":{"line":148,"column":40}},"46":{"start":{"line":150,"column":4},"end":{"line":150,"column":21}},"47":{"start":{"line":161,"column":0},"end":{"line":220,"column":1}},"48":{"start":{"line":162,"column":4},"end":{"line":165,"column":26}},"49":{"start":{"line":173,"column":4},"end":{"line":173,"column":27}},"50":{"start":{"line":174,"column":4},"end":{"line":211,"column":7}},"51":{"start":{"line":175,"column":8},"end":{"line":210,"column":9}},"52":{"start":{"line":177,"column":12},"end":{"line":179,"column":13}},"53":{"start":{"line":178,"column":16},"end":{"line":178,"column":38}},"54":{"start":{"line":180,"column":15},"end":{"line":210,"column":9}},"55":{"start":{"line":181,"column":12},"end":{"line":184,"column":13}},"56":{"start":{"line":183,"column":16},"end":{"line":183,"column":23}},"57":{"start":{"line":185,"column":12},"end":{"line":188,"column":13}},"58":{"start":{"line":186,"column":16},"end":{"line":186,"column":39}},"59":{"start":{"line":187,"column":16},"end":{"line":187,"column":55}},"60":{"start":{"line":190,"column":12},"end":{"line":194,"column":14}},"61":{"start":{"line":195,"column":12},"end":{"line":197,"column":15}},"62":{"start":{"line":196,"column":16},"end":{"line":196,"column":63}},"63":{"start":{"line":198,"column":12},"end":{"line":204,"column":13}},"64":{"start":{"line":199,"column":16},"end":{"line":203,"column":19}},"65":{"start":{"line":205,"column":12},"end":{"line":209,"column":13}},"66":{"start":{"line":206,"column":16},"end":{"line":206,"column":30}},"67":{"start":{"line":208,"column":16},"end":{"line":208,"column":51}},"68":{"start":{"line":214,"column":4},"end":{"line":214,"column":28}},"69":{"start":{"line":217,"column":4},"end":{"line":217,"column":62}},"70":{"start":{"line":219,"column":4},"end":{"line":219,"column":15}},"71":{"start":{"line":229,"column":0},"end":{"line":241,"column":2}},"72":{"start":{"line":230,"column":4},"end":{"line":240,"column":7}},"73":{"start":{"line":231,"column":8},"end":{"line":231,"column":43}},"74":{"start":{"line":233,"column":8},"end":{"line":233,"column":49}},"75":{"start":{"line":234,"column":8},"end":{"line":234,"column":79}},"76":{"start":{"line":235,"column":8},"end":{"line":239,"column":11}}},"branchMap":{"1":{"line":54,"type":"if","locations":[{"start":{"line":54,"column":8},"end":{"line":54,"column":8}},{"start":{"line":54,"column":8},"end":{"line":54,"column":8}}]},"2":{"line":58,"type":"if","locations":[{"start":{"line":58,"column":12},"end":{"line":58,"column":12}},{"start":{"line":58,"column":12},"end":{"line":58,"column":12}}]},"3":{"line":58,"type":"binary-expr","locations":[{"start":{"line":58,"column":16},"end":{"line":58,"column":37}},{"start":{"line":58,"column":41},"end":{"line":58,"column":65}}]},"4":{"line":61,"type":"if","locations":[{"start":{"line":61,"column":12},"end":{"line":61,"column":12}},{"start":{"line":61,"column":12},"end":{"line":61,"column":12}}]},"5":{"line":77,"type":"if","locations":[{"start":{"line":77,"column":8},"end":{"line":77,"column":8}},{"start":{"line":77,"column":8},"end":{"line":77,"column":8}}]},"6":{"line":80,"type":"if","locations":[{"start":{"line":80,"column":15},"end":{"line":80,"column":15}},{"start":{"line":80,"column":15},"end":{"line":80,"column":15}}]},"7":{"line":100,"type":"if","locations":[{"start":{"line":100,"column":8},"end":{"line":100,"column":8}},{"start":{"line":100,"column":8},"end":{"line":100,"column":8}}]},"8":{"line":115,"type":"if","locations":[{"start":{"line":115,"column":8},"end":{"line":115,"column":8}},{"start":{"line":115,"column":8},"end":{"line":115,"column":8}}]},"9":{"line":115,"type":"binary-expr","locations":[{"start":{"line":115,"column":12},"end":{"line":115,"column":35}},{"start":{"line":115,"column":39},"end":{"line":115,"column":64}}]},"10":{"line":175,"type":"if","locations":[{"start":{"line":175,"column":8},"end":{"line":175,"column":8}},{"start":{"line":175,"column":8},"end":{"line":175,"column":8}}]},"11":{"line":177,"type":"if","locations":[{"start":{"line":177,"column":12},"end":{"line":177,"column":12}},{"start":{"line":177,"column":12},"end":{"line":177,"column":12}}]},"12":{"line":180,"type":"if","locations":[{"start":{"line":180,"column":15},"end":{"line":180,"column":15}},{"start":{"line":180,"column":15},"end":{"line":180,"column":15}}]},"13":{"line":181,"type":"if","locations":[{"start":{"line":181,"column":12},"end":{"line":181,"column":12}},{"start":{"line":181,"column":12},"end":{"line":181,"column":12}}]},"14":{"line":181,"type":"binary-expr","locations":[{"start":{"line":181,"column":16},"end":{"line":181,"column":45}},{"start":{"line":181,"column":49},"end":{"line":181,"column":90}}]},"15":{"line":185,"type":"if","locations":[{"start":{"line":185,"column":12},"end":{"line":185,"column":12}},{"start":{"line":185,"column":12},"end":{"line":185,"column":12}}]},"16":{"line":198,"type":"if","locations":[{"start":{"line":198,"column":12},"end":{"line":198,"column":12}},{"start":{"line":198,"column":12},"end":{"line":198,"column":12}}]},"17":{"line":198,"type":"binary-expr","locations":[{"start":{"line":198,"column":16},"end":{"line":198,"column":35}},{"start":{"line":198,"column":39},"end":{"line":198,"column":65}}]},"18":{"line":205,"type":"if","locations":[{"start":{"line":205,"column":12},"end":{"line":205,"column":12}},{"start":{"line":205,"column":12},"end":{"line":205,"column":12}}]}},"code":["'use strict';","","var promise = require('bluebird'),","    phantom = require('./phantom.js'),","    postcss = require('postcss'),","    _ = require('lodash');","/* Some styles are applied only with user interaction, and therefore its"," *   selectors cannot be used with querySelectorAll."," * http://www.w3.org/TR/2001/CR-css3-selectors-20011113/"," */","var dePseudify = (function () {","    var ignoredPseudos = [","            /* link */","            ':link', ':visited',","            /* user action */","            ':hover', ':active', ':focus',","            /* UI element states */","            ':enabled', ':disabled', ':checked', ':indeterminate',","            /* pseudo elements */","            '::first-line', '::first-letter', '::selection', '::before', '::after',","            /* pseudo classes */","            ':target',","            /* CSS2 pseudo elements */","            ':before', ':after',","            /* Vendor-specific pseudo-elements:","             * https://developer.mozilla.org/ja/docs/Glossary/Vendor_Prefix","             */","            '::?-(?:moz|ms|webkit|o)-[a-z0-9-]+'","        ],","        pseudosRegex = new RegExp(ignoredPseudos.join('|'), 'g');","","    return function (selector) {","        return selector.replace(pseudosRegex, '');","    };","}());","","/**"," * Private function used in filterUnusedRules."," * @param  {Array} selectors      CSS selectors created by the CSS parser"," * @param  {Array} ignore         List of selectors to be ignored"," * @param  {Array} usedSelectors  List of Selectors found in the PhantomJS pages"," * @return {Array}                The selectors matched in the DOMs"," */","function filterUnusedSelectors(selectors, ignore, usedSelectors) {","    /* There are some selectors not supported for matching, like","     *   :before, :after","     * They should be removed only if the parent is not found.","     * Example: '.clearfix:before' should be removed only if there","     *          is no '.clearfix'","     */","    return selectors.filter(function (selector) {","        selector = dePseudify(selector);","        /* TODO: process @-rules */","        if (selector[0] === '@') {","            return true;","        }","        for (var i = 0, len = ignore.length; i < len; ++i) {","            if (_.isRegExp(ignore[i]) && ignore[i].test(selector)) {","                return true;","            }","            if (ignore[i] === selector) {","                return true;","            }","        }","        return usedSelectors.indexOf(selector) !== -1;","    });","}","","/**"," * Find which animations are used"," * @param  {Object} css             The postcss.Root node"," * @return {Array}"," */","function getUsedAnimations(css) {","    var usedAnimations = [];","    css.walkDecls(function (decl) {","        if (_.endsWith(decl.prop, 'animation-name')) {","            /* Multiple animations, separated by comma */","            usedAnimations.push.apply(usedAnimations, postcss.list.comma(decl.value));","        } else if (_.endsWith(decl.prop, 'animation')) {","            /* Support multiple animations */","            postcss.list.comma(decl.value).forEach(function (anim) {","                /* If declared as animation, it should be in the form 'name Xs etc..' */","                usedAnimations.push(postcss.list.space(anim)[0]);","            });","        }","    });","    return usedAnimations;","}","","/**"," * Filter @keyframes that are not used"," * @param  {Object} css             The postcss.Root node"," * @param  {Array}  animations"," * @param  {Array}  unusedRules"," * @return {Array}"," */","function filterKeyframes(css, animations, unusedRules) {","    css.walkAtRules(/keyframes$/, function (atRule) {","        if (animations.indexOf(atRule.params) === -1) {","            unusedRules.push(atRule);","            atRule.remove();","        }","    });","}","","/**"," * Filter rules with no selectors remaining"," * @param  {Object} css             The postcss.Root node"," * @return {Array}"," */","function filterEmptyAtRules(css) {","    /* Filter media queries with no remaining rules */","    css.walkAtRules(function (atRule) {","        if (atRule.name === 'media' && atRule.nodes.length === 0) {","            atRule.remove();","        }","    });","}","","/**"," * Find which selectors are used in {pages}"," * @param  {Array}    pages         List of PhantomJS pages"," * @param  {Object}   css           The postcss.Root node"," * @return {promise}"," */","function getUsedSelectors(page, css) {","    var usedSelectors = [];","    css.walkRules(function (rule) {","        usedSelectors = _.concat(usedSelectors, rule.selectors.map(dePseudify));","    });","    // TODO: Can this be written in a more straightforward fashion?","    return promise.map(usedSelectors, function (selector) {","        return selector;","    }).then(function(selector) {","        return phantom.findAll(page, selector);","    });","}","","/**"," * Get all the selectors mentioned in {css}"," * @param  {Object} css        The postcss.Root node"," * @return {Array}"," */","function getAllSelectors(css) {","    var selectors = [];","    css.walkRules(function (rule) {","        selectors.concat(rule.selector);","    });","    return selectors;","}","","/**"," * Remove css rules not used in the dom"," * @param  {Array}  pages           List of PhantomJS pages"," * @param  {Object} css             The postcss.Root node"," * @param  {Array}  ignore          List of selectors to be ignored"," * @param  {Array}  usedSelectors   List of selectors that are found in {pages}"," * @return {Object}                 A css_parse-compatible stylesheet"," */","function filterUnusedRules(pages, css, ignore, usedSelectors) {","    var ignoreNextRule = false,","        unusedRules = [],","        unusedRuleSelectors,","        usedRuleSelectors;","    /* Rule format:","     *  { selectors: [ '...', '...' ],","     *    declarations: [ { property: '...', value: '...' } ]","     *  },.","     * Two steps: filter the unused selectors for each rule,","     *            filter the rules with no selectors","     */","    ignoreNextRule = false;","    css.walk(function (rule) {","        if (rule.type === 'comment') {","            // ignore next rule while using comment `/* uncss:ignore */`","            if (/^!?\\s?uncss:ignore\\s?$/.test(rule.text)) {","                ignoreNextRule = true;","            }","        } else if (rule.type === 'rule') {","            if (rule.parent.type === 'atrule' && _.endsWith(rule.parent.name, 'keyframes')) {","                // Don't remove animation keyframes that have selector names of '30%' or 'to'","                return;","            }","            if (ignoreNextRule) {","                ignoreNextRule = false;","                ignore = ignore.concat(rule.selectors);","            }","","            usedRuleSelectors = filterUnusedSelectors(","                rule.selectors,","                ignore,","                usedSelectors","            );","            unusedRuleSelectors = rule.selectors.filter(function (selector) {","                return usedRuleSelectors.indexOf(selector) < 0;","            });","            if (unusedRuleSelectors && unusedRuleSelectors.length) {","                unusedRules.push({","                    type: 'rule',","                    selectors: unusedRuleSelectors,","                    position: rule.source","                });","            }","            if (usedRuleSelectors.length === 0) {","                rule.remove();","            } else {","                rule.selectors = usedRuleSelectors;","            }","        }","    });","","    /* Filter the @media rules with no rules */","    filterEmptyAtRules(css);","","    /* Filter unused @keyframes */","    filterKeyframes(css, getUsedAnimations(css), unusedRules);","","    return css;","}","","/**"," * Main exposed function"," * @param  {Array}   pages      List of PhantomJS pages"," * @param  {Object}  css        The postcss.Root node"," * @param  {Array}   ignore     List of selectors to be ignored"," * @return {promise}"," */","module.exports = function uncss(pages, css, ignore) {","    return promise.map(pages, function (page) {","        return getUsedSelectors(page, css);","    }).then(function (usedSelectors) {","        usedSelectors = _.flatten(usedSelectors);","        var filteredCss = filterUnusedRules(pages, css, ignore, usedSelectors);","        return [filteredCss, {","            /* Get the selectors for the report */","            all: getAllSelectors(css),","            used: usedSelectors","        }];","    });","};",""],"l":{"3":1,"11":1,"12":1,"32":1,"33":0,"44":1,"51":0,"52":0,"54":0,"55":0,"57":0,"58":0,"59":0,"61":0,"62":0,"65":0,"74":1,"75":0,"76":0,"77":0,"79":0,"80":0,"82":0,"84":0,"88":0,"98":1,"99":0,"100":0,"101":0,"102":0,"112":1,"114":0,"115":0,"116":0,"127":1,"128":0,"129":0,"130":0,"133":0,"134":0,"136":0,"145":1,"146":0,"147":0,"148":0,"150":0,"161":1,"162":0,"173":0,"174":0,"175":0,"177":0,"178":0,"180":0,"181":0,"183":0,"185":0,"186":0,"187":0,"190":0,"195":0,"196":0,"198":0,"199":0,"205":0,"206":0,"208":0,"214":0,"217":0,"219":0,"229":1,"230":0,"231":0,"233":0,"234":0,"235":0}}}